#
# A fatal error has been detected by the Java Runtime Environment:
#
#  SIGSEGV (0xb) at pc=0x000076041fe85260, pid=17716, tid=17917
#
# JRE version: OpenJDK Runtime Environment Temurin-17.0.11+9 (17.0.11+9) (build 17.0.11+9)
# Java VM: OpenJDK 64-Bit Server VM Temurin-17.0.11+9 (17.0.11+9, mixed mode, tiered, compressed oops, compressed class ptrs, parallel gc, linux-amd64)
# Problematic frame:
# V  [libjvm.so+0xc85260]  ParCompactionManager::follow_marking_stacks()+0x1f0
#
# Core dump will be written. Default location: Core dumps may be processed with "/usr/share/apport/apport -p%p -s%s -c%c -d%d -P%P -u%u -g%g -- %E" (or dumping to /home/joyzinhw/Downloads/DevTerVagas/core.17716)
#
# If you would like to submit a bug report, please visit:
#   https://github.com/adoptium/adoptium-support/issues
#

---------------  S U M M A R Y ------------

Command Line: --add-modules=ALL-SYSTEM --add-opens=java.base/java.util=ALL-UNNAMED --add-opens=java.base/java.lang=ALL-UNNAMED --add-opens=java.base/sun.nio.fs=ALL-UNNAMED -Declipse.application=org.eclipse.jdt.ls.core.id1 -Dosgi.bundles.defaultStartLevel=4 -Declipse.product=org.eclipse.jdt.ls.core.product -Djava.import.generatesMetadataFilesAtProjectRoot=false -DDetectVMInstallationsJob.disabled=true -Dfile.encoding=utf8 -XX:+UseParallelGC -XX:GCTimeRatio=4 -XX:AdaptiveSizePolicyWeight=90 -Dsun.zip.disableMemoryMapping=true -Xmx1G -Xms100m -Xlog:disable -javaagent:/home/joyzinhw/.vscode/extensions/redhat.java-1.33.0-linux-x64/lombok/lombok-1.18.33.jar -XX:+HeapDumpOnOutOfMemoryError -XX:HeapDumpPath=/home/joyzinhw/.config/Code/User/workspaceStorage/d1334f9c067585d4047071b10afa8b86/redhat.java -Daether.dependencyCollector.impl=bf /home/joyzinhw/.vscode/extensions/redhat.java-1.33.0-linux-x64/server/plugins/org.eclipse.equinox.launcher_1.6.900.v20240613-2009.jar -configuration /home/joyzinhw/.config/Code/User/globalStorage/redhat.java/1.33.0/config_linux -data /home/joyzinhw/.config/Code/User/workspaceStorage/d1334f9c067585d4047071b10afa8b86/redhat.java/jdt_ws --pipe=/run/user/1000/lsp-da1504e56100c9160c08d2e6cc35d8bc.sock

Host: AMD Ryzen 5 5500U with Radeon Graphics, 12 cores, 17G, Pop!_OS 22.04 LTS
Time: Tue Aug  6 09:39:10 2024 -03 elapsed time: 182.751149 seconds (0d 0h 3m 2s)

---------------  T H R E A D  ---------------

Current thread (0x00007603f8004470):  GCTaskThread "GC Thread#5" [stack: 0x00007603f64fb000,0x00007603f65fb000] [id=17917]

Stack: [0x00007603f64fb000,0x00007603f65fb000],  sp=0x00007603f65f9ac0,  free space=1018k
Native frames: (J=compiled Java code, j=interpreted, Vv=VM code, C=native code)
V  [libjvm.so+0xc85260]  ParCompactionManager::follow_marking_stacks()+0x1f0
V  [libjvm.so+0xc96826]  steal_marking_work(TaskTerminator&, unsigned int)+0xd6
V  [libjvm.so+0xc99e07]  MarkFromRootsTask::work(unsigned int)+0x417
V  [libjvm.so+0xf1688f]  GangWorker::loop()+0x5f
V  [libjvm.so+0xf168ef]
V  [libjvm.so+0xe655d8]  Thread::call_run()+0xa8
V  [libjvm.so+0xc26851]  thread_native_entry(Thread*)+0xe1


siginfo: si_signo: 11 (SIGSEGV), si_code: 128 (SI_KERNEL), si_addr: 0x0000000000000000

Registers:
RAX=0x0000760402000000, RBX=0x000076041816f5a0, RCX=0x0000000000000000, RDX=0x0000000000000001
RSP=0x00007603f65f9ac0, RBP=0x00007603f65f9ba0, RSI=0x007fffffffa02000, RDI=0x0000000000000083
R8 =0x00000000c16a3b50, R9 =0x00007603f65f9b50, R10=0x0000000000000000, R11=0x00007604204bfd28
R12=0x0000000000400000, R13=0x00007603f65f9c20, R14=0x00007604205063ad, R15=0x00000000c16a2680
RIP=0x000076041fe85260, EFLAGS=0x0000000000010216, CSGSFS=0x002b000000000033, ERR=0x0000000000000000
  TRAPNO=0x000000000000000d


Register to memory mapping:

RAX=0x0000760402000000 points into unknown readable memory: 0x0925251480900001 | 01 00 90 80 14 25 25 09
RBX=0x000076041816f5a0 points into unknown readable memory: 0x0000000000000000 | 00 00 00 00 00 00 00 00
RCX=0x0 is NULL
RDX=0x0000000000000001 is an unknown value
RSP=0x00007603f65f9ac0 points into unknown readable memory: 0x00000000c16a1b50 | 50 1b 6a c1 00 00 00 00
RBP=0x00007603f65f9ba0 points into unknown readable memory: 0x00007603f65f9c80 | 80 9c 5f f6 03 76 00 00
RSI=0x007fffffffa02000 is an unknown value
RDI=0x0000000000000083 is an unknown value
R8 =0x00000000c16a3b50 is pointing into object: [Ljava.util.Hashtable$Entry; 
{0x00000000c15edb40} - klass: 'java/util/Hashtable$Entry'[]
 - length: 200000
R9 =0x00007603f65f9b50 points into unknown readable memory: 0x0000760420416f08 | 08 6f 41 20 04 76 00 00
R10=0x0 is NULL
R11=0x00007604204bfd28: <offset 0x00000000012bfd28> in /home/joyzinhw/.vscode/extensions/redhat.java-1.33.0-linux-x64/jre/17.0.11-linux-x86_64/lib/server/libjvm.so at 0x000076041f200000
R12=0x0000000000400000 is an unknown value
R13=0x00007603f65f9c20 points into unknown readable memory: 0x00000000c15edb40 | 40 db 5e c1 00 00 00 00
R14=0x00007604205063ad: <offset 0x00000000013063ad> in /home/joyzinhw/.vscode/extensions/redhat.java-1.33.0-linux-x64/jre/17.0.11-linux-x86_64/lib/server/libjvm.so at 0x000076041f200000
R15=0x00000000c16a2680 is pointing into object: [Ljava.util.Hashtable$Entry; 
{0x00000000c15edb40} - klass: 'java/util/Hashtable$Entry'[]
 - length: 200000


Top of Stack: (sp=0x00007603f65f9ac0)
0x00007603f65f9ac0:   00000000c16a1b50 00000000c16a1b50
0x00007603f65f9ad0:   0000000000000000 0000000000000000
0x00007603f65f9ae0:   0000000000000000 0000000000000000
0x00007603f65f9af0:   00000000c15edb40 000000000002d800
0x00007603f65f9b00:   0000000000000000 0000000000000000
0x00007603f65f9b10:   0000000000000000 000076041868d200
0x00007603f65f9b20:   000076041816f5a0 00007604205063ad
0x00007603f65f9b30:   00007603f65f9ba0 000076041fe98753
0x00007603f65f9b40:   00007603f65f9b70 0000000000000004
0x00007603f65f9b50:   0000760420416f08 00007604180ab930
0x00007603f65f9b60:   0000760300000003 000076041816f5a0
0x00007603f65f9b70:   00007603f65f9ba0 000076041816f5a0
0x00007603f65f9b80:   0000000000000030 00007603f65f9c20
0x00007603f65f9b90:   0000000000000006 0000000000000004
0x00007603f65f9ba0:   00007603f65f9c80 000076041fe96826
0x00007603f65f9bb0:   00000000d137c438 0000000000000008
0x00007603f65f9bc0:   0000760420410408 00007603f65f9be0
0x00007603f65f9bd0:   000076041816f5a0 00007603fc8e73c0
0x00007603f65f9be0:   0000760420417048 000076041816f5a0
0x00007603f65f9bf0:   0000760420410408 00007603f65f9be0
0x00007603f65f9c00:   0000760418212800 00000000d136a0e0
0x00007603f65f9c10:   00000000d0d29848 00007603d4133600
0x00007603f65f9c20:   00000000c15edb40 0000000000000800
0x00007603f65f9c30:   00007603d41336b8 00007603f65f9cf0
0x00007603f65f9c40:   00007603f65f9c80 0000760420063178
0x00007603f65f9c50:   00007603f65f9d50 0000000000000006
0x00007603f65f9c60:   00007603f65f9cf0 00007603f65f9cec
0x00007603f65f9c70:   00007603fc8e7380 00007603fc8e7380
0x00007603f65f9c80:   00007603f65f9d50 000076041fe99e07
0x00007603f65f9c90:   00007603fc8e74e0 00007603fc8e72c0
0x00007603f65f9ca0:   000000060000000f 00007603fc8e7280
0x00007603f65f9cb0:   00007603fc8e72c0 00007603f65f9d00 

Instructions: (pc=0x000076041fe85260)
0x000076041fe85160:   00 00 48 85 ff 0f 84 75 0a 00 00 48 8b 83 70 05
0x000076041fe85170:   00 00 48 83 e8 01 48 89 c2 48 89 83 70 05 00 00
0x000076041fe85180:   48 c1 e2 04 48 01 fa 48 8b 0a 4c 63 62 08 48 85
0x000076041fe85190:   c0 0f 84 61 0b 00 00 48 8d 15 10 12 68 00 4c 8d
0x000076041fe851a0:   35 08 12 68 00 80 3a 00 41 0f b6 06 0f 84 9e 07
0x000076041fe851b0:   00 00 3c 01 bf 00 08 00 00 48 19 d2 83 e2 08 3c
0x000076041fe851c0:   01 48 19 c0 48 8d 54 11 10 83 e0 04 4e 8d 3c a2
0x000076041fe851d0:   48 63 74 01 0c 48 89 f0 4c 29 e0 48 3d 00 08 00
0x000076041fe851e0:   00 48 0f 47 c7 4c 01 e0 4c 8d 04 82 48 39 c6 0f
0x000076041fe851f0:   87 6b 0c 00 00 4d 39 c7 72 13 e9 69 01 00 00 90
0x000076041fe85200:   49 83 c7 04 4d 39 f8 0f 86 5b 01 00 00 41 8b 07
0x000076041fe85210:   85 c0 74 ec 41 89 c4 48 8d 05 12 a1 63 00 48 8b
0x000076041fe85220:   15 bb d0 69 00 8b 48 08 49 d3 e4 4c 03 20 4c 89
0x000076041fe85230:   e1 48 2b 0a 48 89 c8 48 8d 0d ea aa 63 00 48 c1
0x000076041fe85240:   e8 03 8b 09 48 d3 e8 48 89 c1 48 89 c6 48 8b 42
0x000076041fe85250:   10 ba 01 00 00 00 83 e1 3f 48 c1 ee 06 48 d3 e2
0x000076041fe85260:   48 23 14 f0 75 9a 41 0f b6 06 84 c0 0f 84 2e 0b
0x000076041fe85270:   00 00 48 8d 35 a7 a0 63 00 41 8b 7c 24 08 8b 4e
0x000076041fe85280:   08 48 d3 e7 48 03 3e 8b 4f 08 85 c9 0f 8e 1e 0a
0x000076041fe85290:   00 00 f6 c1 01 74 1a 48 8b 07 48 8d 35 ff 96 60
0x000076041fe852a0:   ff 48 8b 80 00 01 00 00 48 39 f0 0f 85 b4 0c 00
0x000076041fe852b0:   00 c1 f9 03 48 63 d1 48 8d 3d 42 d1 69 00 4c 89
0x000076041fe852c0:   e6 4c 89 85 20 ff ff ff 48 89 95 28 ff ff ff e8
0x000076041fe852d0:   fc cd fb ff 48 8b 95 28 ff ff ff 4c 8b 85 20 ff
0x000076041fe852e0:   ff ff 84 c0 0f 84 16 ff ff ff 48 8d 3d cf d0 69
0x000076041fe852f0:   00 4c 89 e6 4c 89 85 28 ff ff ff e8 80 bb 00 00
0x000076041fe85300:   8b 83 88 00 00 00 8b 8b 08 01 00 00 4c 8b 85 28
0x000076041fe85310:   ff ff ff 89 c2 29 ca 81 e2 ff ff 01 00 81 fa fd
0x000076041fe85320:   ff 01 00 0f 86 6b 0d 00 00 48 8b 83 a8 02 00 00
0x000076041fe85330:   48 3b 83 90 02 00 00 0f 84 26 10 00 00 48 8b 93
0x000076041fe85340:   c0 02 00 00 48 8d 14 c2 48 83 c0 01 49 83 c7 04
0x000076041fe85350:   4c 89 22 48 89 83 a8 02 00 00 4d 39 f8 0f 87 aa 


Stack slot to memory mapping:
stack at sp + 0 slots: 0x00000000c16a1b50 is pointing into object: [Ljava.util.Hashtable$Entry; 
{0x00000000c15edb40} - klass: 'java/util/Hashtable$Entry'[]
 - length: 200000
stack at sp + 1 slots: 0x00000000c16a1b50 is pointing into object: [Ljava.util.Hashtable$Entry; 
{0x00000000c15edb40} - klass: 'java/util/Hashtable$Entry'[]
 - length: 200000
stack at sp + 2 slots: 0x0 is NULL
stack at sp + 3 slots: 0x0 is NULL
stack at sp + 4 slots: 0x0 is NULL
stack at sp + 5 slots: 0x0 is NULL
stack at sp + 6 slots: 0x00000000c15edb40 is an oop: [Ljava.util.Hashtable$Entry; 
{0x00000000c15edb40} - klass: 'java/util/Hashtable$Entry'[]
 - length: 200000
stack at sp + 7 slots: 0x000000000002d800 is an unknown value


---------------  P R O C E S S  ---------------

Threads class SMR info:
_java_thread_list=0x00007603d40ee0c0, length=43, elements={
0x0000760418028030, 0x0000760418229670, 0x000076041822abf0, 0x0000760418252060,
0x0000760418255950, 0x00007604182568f0, 0x0000760418257f50, 0x0000760418259410,
0x0000760418262850, 0x00007604182d03f0, 0x00007604183d77d0, 0x00007604185d91c0,
0x000076041860dbc0, 0x0000760418631c10, 0x0000760378426b10, 0x0000760378496580,
0x000076037838bad0, 0x0000760378224c00, 0x0000760378982b00, 0x00007604183a1830,
0x000076041868d240, 0x000076041868e1f0, 0x0000760304000ff0, 0x00007602f80a5e20,
0x000076030c03f690, 0x000076030c09bb60, 0x000076030c09cea0, 0x000076030c137a30,
0x00007602dc000ff0, 0x00007602d4000ff0, 0x00007602c4000ff0, 0x00007602bc000ff0,
0x00007602c40030a0, 0x000076030403e0b0, 0x000076030404eb20, 0x0000760304084fe0,
0x00007602c40f2ad0, 0x00007603e4000eb0, 0x00007602bc00f990, 0x00007602bc002190,
0x0000760300005aa0, 0x0000760300008db0, 0x00007603d486fdd0
}

Java Threads: ( => current thread )
  0x0000760418028030 JavaThread "main" [_thread_blocked, id=17717, stack(0x0000760420834000,0x0000760420934000)]
  0x0000760418229670 JavaThread "Reference Handler" daemon [_thread_blocked, id=17723, stack(0x00007603fc6e8000,0x00007603fc7e8000)]
  0x000076041822abf0 JavaThread "Finalizer" daemon [_thread_blocked, id=17724, stack(0x00007603fc5e8000,0x00007603fc6e8000)]
  0x0000760418252060 JavaThread "Signal Dispatcher" daemon [_thread_blocked, id=17725, stack(0x00007603fc4e8000,0x00007603fc5e8000)]
  0x0000760418255950 JavaThread "Service Thread" daemon [_thread_blocked, id=17726, stack(0x00007603fc3e8000,0x00007603fc4e8000)]
  0x00007604182568f0 JavaThread "Monitor Deflation Thread" daemon [_thread_blocked, id=17727, stack(0x00007603fc2e8000,0x00007603fc3e8000)]
  0x0000760418257f50 JavaThread "C2 CompilerThread0" daemon [_thread_blocked, id=17728, stack(0x00007603fc1e8000,0x00007603fc2e8000)]
  0x0000760418259410 JavaThread "C1 CompilerThread0" daemon [_thread_blocked, id=17729, stack(0x00007603fc0e8000,0x00007603fc1e8000)]
  0x0000760418262850 JavaThread "Sweeper thread" daemon [_thread_blocked, id=17730, stack(0x00007603f6f00000,0x00007603f7000000)]
  0x00007604182d03f0 JavaThread "Common-Cleaner" daemon [_thread_blocked, id=17739, stack(0x00007603f6e00000,0x00007603f6f00000)]
  0x00007604183d77d0 JavaThread "Notification Thread" daemon [_thread_blocked, id=17839, stack(0x00007603f6c00000,0x00007603f6d00000)]
  0x00007604185d91c0 JavaThread "Active Thread: Equinox Container: 97de8f85-d3ca-48c9-93e6-a1017a4cc6f9" [_thread_blocked, id=17999, stack(0x00007603f62f9000,0x00007603f63f9000)]
  0x000076041860dbc0 JavaThread "Framework Event Dispatcher: Equinox Container: 97de8f85-d3ca-48c9-93e6-a1017a4cc6f9" daemon [_thread_blocked, id=18063, stack(0x00007603f69ff000,0x00007603f6aff000)]
  0x0000760418631c10 JavaThread "Start Level: Equinox Container: 97de8f85-d3ca-48c9-93e6-a1017a4cc6f9" daemon [_thread_blocked, id=18064, stack(0x00007603f61f9000,0x00007603f62f9000)]
  0x0000760378426b10 JavaThread "Bundle File Closer" daemon [_thread_blocked, id=18123, stack(0x00007603f5ef8000,0x00007603f5ff8000)]
  0x0000760378496580 JavaThread "SCR Component Actor" daemon [_thread_blocked, id=18216, stack(0x00007603f5b00000,0x00007603f5c00000)]
  0x000076037838bad0 JavaThread "Worker-JM" [_thread_blocked, id=18340, stack(0x00007603f56fe000,0x00007603f57fe000)]
  0x0000760378224c00 JavaThread "Worker-2" [_thread_blocked, id=18376, stack(0x00007603f54fe000,0x00007603f55fe000)]
  0x0000760378982b00 JavaThread "Java indexing" daemon [_thread_blocked, id=18786, stack(0x00007603f5047000,0x00007603f5147000)]
  0x00007604183a1830 JavaThread "pool-2-thread-1" [_thread_blocked, id=18890, stack(0x00007603f4d7c000,0x00007603f4e7c000)]
  0x000076041868d240 JavaThread "WorkspaceEventsHandler" [_thread_blocked, id=18996, stack(0x00007603f4f47000,0x00007603f5047000)]
  0x000076041868e1f0 JavaThread "pool-1-thread-1" [_thread_in_native, id=18997, stack(0x00007603f4c7c000,0x00007603f4d7c000)]
  0x0000760304000ff0 JavaThread "Worker-6" [_thread_blocked, id=19006, stack(0x00007603f4a7c000,0x00007603f4b7c000)]
  0x00007602f80a5e20 JavaThread "pool-3-thread-1" [_thread_in_native, id=19663, stack(0x00007603f57fe000,0x00007603f58fe000)]
  0x000076030c03f690 JavaThread "ForkJoinPool.commonPool-worker-1" daemon [_thread_blocked, id=23490, stack(0x00007603f477c000,0x00007603f487c000)]
  0x000076030c09bb60 JavaThread "ForkJoinPool.commonPool-worker-2" daemon [_thread_blocked, id=23493, stack(0x00007603f467c000,0x00007603f477c000)]
  0x000076030c09cea0 JavaThread "ForkJoinPool.commonPool-worker-3" daemon [_thread_blocked, id=23494, stack(0x00007603f457c000,0x00007603f467c000)]
  0x000076030c137a30 JavaThread "ForkJoinPool.commonPool-worker-4" daemon [_thread_blocked, id=23504, stack(0x00007603f447c000,0x00007603f457c000)]
  0x00007602dc000ff0 JavaThread "ForkJoinPool.commonPool-worker-5" daemon [_thread_blocked, id=23505, stack(0x00007603f437c000,0x00007603f447c000)]
  0x00007602d4000ff0 JavaThread "ForkJoinPool.commonPool-worker-6" daemon [_thread_blocked, id=23506, stack(0x00007603f427c000,0x00007603f437c000)]
  0x00007602c4000ff0 JavaThread "ForkJoinPool.commonPool-worker-9" daemon [_thread_blocked, id=23510, stack(0x00007603ebf00000,0x00007603ec000000)]
  0x00007602bc000ff0 JavaThread "ForkJoinPool.commonPool-worker-10" daemon [_thread_blocked, id=23511, stack(0x00007603ebe00000,0x00007603ebf00000)]
  0x00007602c40030a0 JavaThread "ForkJoinPool.commonPool-worker-11" daemon [_thread_blocked, id=23546, stack(0x00007603ebc00000,0x00007603ebd00000)]
  0x000076030403e0b0 JavaThread "Compiler Source File Reader" daemon [_thread_blocked, id=23548, stack(0x00007603ebb00000,0x00007603ebc00000)]
  0x000076030404eb20 JavaThread "Compiler Source File Reader" daemon [_thread_blocked, id=23594, stack(0x00007603ebd00000,0x00007603ebe00000)]
  0x0000760304084fe0 JavaThread "Compiler Source File Reader" daemon [_thread_blocked, id=23595, stack(0x00007603eb900000,0x00007603eba00000)]
  0x00007602c40f2ad0 JavaThread "Cleaner-0" daemon [_thread_blocked, id=23694, stack(0x00007603eb800000,0x00007603eb900000)]
  0x00007603e4000eb0 JavaThread "Attach Listener" daemon [_thread_blocked, id=24925, stack(0x00007603f53fe000,0x00007603f54fe000)]
  0x00007602bc00f990 JavaThread "ForkJoinPool.commonPool-worker-12" daemon [_thread_blocked, id=49837, stack(0x00007603f417c000,0x00007603f427c000)]
  0x00007602bc002190 JavaThread "ForkJoinPool.commonPool-worker-13" daemon [_thread_blocked, id=49839, stack(0x00007603f4b7c000,0x00007603f4c7c000)]
  0x0000760300005aa0 JavaThread "Compiler Source File Reader" daemon [_thread_blocked, id=50120, stack(0x00007603f497c000,0x00007603f4a7c000)]
  0x0000760300008db0 JavaThread "Compiler Processing Task" daemon [_thread_blocked, id=50121, stack(0x00007603f487c000,0x00007603f497c000)]
  0x00007603d486fdd0 JavaThread "C2 CompilerThread1" daemon [_thread_blocked, id=50481, stack(0x00007603f407c000,0x00007603f417c000)]

Other Threads:
  0x0000760418069270 VMThread "VM Thread" [stack: 0x00007603fc7e9000,0x00007603fc8e9000] [id=17720]
  0x000076041835f6b0 WatcherThread [stack: 0x00007603f6b00000,0x00007603f6c00000] [id=17841]
  0x000076041803fa50 GCTaskThread "GC Thread#0" [stack: 0x000076041c215000,0x000076041c315000] [id=17718]
  0x00007603f8001250 GCTaskThread "GC Thread#1" [stack: 0x00007603f68ff000,0x00007603f69ff000] [id=17913]
  0x00007603f8002c70 GCTaskThread "GC Thread#2" [stack: 0x00007603f67fe000,0x00007603f68fe000] [id=17914]
  0x00007603f80033d0 GCTaskThread "GC Thread#3" [stack: 0x00007603f66fd000,0x00007603f67fd000] [id=17915]
  0x00007603f8003c20 GCTaskThread "GC Thread#4" [stack: 0x00007603f65fc000,0x00007603f66fc000] [id=17916]
=>0x00007603f8004470 GCTaskThread "GC Thread#5" [stack: 0x00007603f64fb000,0x00007603f65fb000] [id=17917]
  0x00007603f8004e80 GCTaskThread "GC Thread#6" [stack: 0x00007603f63fa000,0x00007603f64fa000] [id=17918]
  0x00007603f80063d0 GCTaskThread "GC Thread#7" [stack: 0x00007603f60f9000,0x00007603f61f9000] [id=18069]
  0x00007603f80078c0 GCTaskThread "GC Thread#8" [stack: 0x00007603f5a00000,0x00007603f5b00000] [id=18219]
  0x00007603f80081c0 GCTaskThread "GC Thread#9" [stack: 0x00007603f58ff000,0x00007603f59ff000] [id=18220]

Threads with active compile tasks:
C2 CompilerThread0   182758 10699       4       org.eclipse.jdt.internal.core.index.DiskIndex::addQueryResults (739 bytes)
C2 CompilerThread1   182758 10711       4       org.eclipse.jdt.internal.core.JavaModelManager::getOption (159 bytes)

VM state: at safepoint (normal execution)

VM Mutex/Monitor currently owned by a thread:  ([mutex/lock_event])
[0x0000760418024e20] Threads_lock - owner thread: 0x0000760418069270
[0x00007604180255d0] Heap_lock - owner thread: 0x00007602bc002190

Heap address: 0x00000000c0000000, size: 1024 MB, Compressed Oops mode: 32-bit

CDS archive(s) not mapped
Compressed class space mapped at: 0x0000000100000000-0x0000000140000000, reserved size: 1073741824
Narrow klass base: 0x0000000000000000, Narrow klass shift: 3, Narrow klass range: 0x140000000

GC Precious Log:
 CPUs: 12 total, 12 available
 Memory: 17844M
 Large Page Support: Disabled
 NUMA Support: Disabled
 Compressed Oops: Enabled (32-bit)
 Alignments: Space 512K, Generation 512K, Heap 2M
 Heap Min Capacity: 100M
 Heap Initial Capacity: 100M
 Heap Max Capacity: 1G
 Pre-touch: Disabled
 Parallel Workers: 10

Heap:
 PSYoungGen      total 16896K, used 5903K [0x00000000eab00000, 0x00000000ec880000, 0x0000000100000000)
  eden space 10752K, 0% used [0x00000000eab00000,0x00000000eab00000,0x00000000eb580000)
  from space 6144K, 96% used [0x00000000eb580000,0x00000000ebb43cd0,0x00000000ebb80000)
  to   space 9728K, 0% used [0x00000000ebf00000,0x00000000ebf00000,0x00000000ec880000)
 ParOldGen       total 282112K, used 282097K [0x00000000c0000000, 0x00000000d1380000, 0x00000000eab00000)
  object space 282112K, 99% used [0x00000000c0000000,0x00000000d137c618,0x00000000d1380000)
 Metaspace       used 71781K, committed 73024K, reserved 1114112K
  class space    used 7574K, committed 8128K, reserved 1048576K

Card table byte_map: [0x0000760408c00000,0x0000760408e01000] _byte_map_base: 0x0000760408600000

Marking Bits: (ParMarkBitMap*) 0x0000760420522400
 Begin Bits: [0x0000760402000000, 0x0000760403000000)
 End Bits:   [0x0000760403000000, 0x0000760404000000)

Polling page: 0x0000760420a3d000

Metaspace:

Usage:
  Non-class:     62,70 MB used.
      Class:      7,40 MB used.
       Both:     70,10 MB used.

Virtual space:
  Non-class space:       64,00 MB reserved,      63,38 MB (>99%) committed,  1 nodes.
      Class space:        1,00 GB reserved,       7,94 MB ( <1%) committed,  1 nodes.
             Both:        1,06 GB reserved,      71,31 MB (  7%) committed. 

Chunk freelists:
   Non-Class:  672,00 KB
       Class:  7,91 MB
        Both:  8,56 MB

MaxMetaspaceSize: unlimited
CompressedClassSpaceSize: 1,00 GB
Initial GC threshold: 21,00 MB
Current GC threshold: 108,12 MB
CDS: off
MetaspaceReclaimPolicy: balanced
 - commit_granule_bytes: 65536.
 - commit_granule_words: 8192.
 - virtual_space_node_default_size: 8388608.
 - enlarge_chunks_in_place: 1.
 - new_chunks_are_fully_committed: 0.
 - uncommit_free_chunks: 1.
 - use_allocation_guard: 0.
 - handle_deallocations: 1.


Internal statistics:

num_allocs_failed_limit: 10.
num_arena_births: 708.
num_arena_deaths: 20.
num_vsnodes_births: 2.
num_vsnodes_deaths: 0.
num_space_committed: 1141.
num_space_uncommitted: 0.
num_chunks_returned_to_freelist: 30.
num_chunks_taken_from_freelist: 3749.
num_chunk_merges: 16.
num_chunk_splits: 2284.
num_chunks_enlarged: 1231.
num_inconsistent_stats: 0.

CodeHeap 'non-profiled nmethods': size=120028Kb used=6305Kb max_used=6514Kb free=113722Kb
 bounds [0x0000760410ac9000, 0x0000760411139000, 0x0000760418000000]
CodeHeap 'profiled nmethods': size=120028Kb used=16308Kb max_used=17685Kb free=103719Kb
 bounds [0x0000760409000000, 0x000076040a150000, 0x0000760410537000]
CodeHeap 'non-nmethods': size=5704Kb used=1372Kb max_used=1456Kb free=4331Kb
 bounds [0x0000760410537000, 0x00007604107a7000, 0x0000760410ac9000]
 total_blobs=8829 nmethods=8104 adapters=638
 compilation: enabled
              stopped_count=0, restarted_count=0
 full_count=0

Compilation events (20 events):
Event: 182,710 Thread 0x0000760418259410 10706       3       org.eclipse.jdt.internal.core.search.PatternSearchJob$$Lambda$507/0x0000000100729c90::<init> (20 bytes)
Event: 182,710 Thread 0x0000760418259410 nmethod 10706 0x0000760409732990 code [0x0000760409732b40, 0x0000760409732cf0]
Event: 182,710 Thread 0x0000760418259410 10701       3       java.util.concurrent.ForkJoinTask::get (27 bytes)
Event: 182,710 Thread 0x0000760418259410 nmethod 10701 0x0000760409bfad10 code [0x0000760409bfaee0, 0x0000760409bfb180]
Event: 182,710 Thread 0x0000760418259410 10704   !   3       org.eclipse.core.runtime.SafeRunner::run (20 bytes)
Event: 182,710 Thread 0x0000760418259410 nmethod 10704 0x0000760409a02c10 code [0x0000760409a02ea0, 0x0000760409a038a0]
Event: 182,710 Thread 0x0000760418259410 10703       3       org.eclipse.jdt.internal.core.Openable::getBufferManager (4 bytes)
Event: 182,711 Thread 0x00007603d486fdd0 nmethod 10687 0x0000760410ba1b10 code [0x0000760410ba1d40, 0x0000760410ba2718]
Event: 182,711 Thread 0x0000760418259410 nmethod 10703 0x0000760409d92a90 code [0x0000760409d92cc0, 0x0000760409d93530]
Event: 182,711 Thread 0x00007603d486fdd0 10708       4       java.lang.Thread::interrupted (23 bytes)
Event: 182,711 Thread 0x0000760418259410 10709       3       org.eclipse.jdt.internal.core.search.PatternSearchJob$$Lambda$512/0x000000010072a2f0::<init> (10 bytes)
Event: 182,711 Thread 0x0000760418259410 nmethod 10709 0x00007604097aae90 code [0x00007604097ab040, 0x00007604097ab1b0]
Event: 182,711 Thread 0x0000760418259410 10710       1       org.eclipse.jdt.internal.core.AnnotatableInfo::getNameSourceStart (5 bytes)
Event: 182,711 Thread 0x00007603d486fdd0 nmethod 10708 0x0000760410af4d90 code [0x0000760410af4f00, 0x0000760410af4f78]
Event: 182,711 Thread 0x00007603d486fdd0 10686       4       org.eclipse.jdt.internal.core.JrtPackageFragmentRoot::getPackageFragment (10 bytes)
Event: 182,711 Thread 0x0000760418259410 nmethod 10710 0x0000760410d9c510 code [0x0000760410d9c6a0, 0x0000760410d9c770]
Event: 182,712 Thread 0x00007603d486fdd0 nmethod 10686 0x0000760410ba1510 code [0x0000760410ba16a0, 0x0000760410ba17b8]
Event: 182,719 Thread 0x00007603d486fdd0 10711       4       org.eclipse.jdt.internal.core.JavaModelManager::getOption (159 bytes)
Event: 182,719 Thread 0x0000760418259410 10712       3       org.eclipse.jdt.internal.codeassist.select.SelectionScanner::scanIdentifierOrKeyword (40 bytes)
Event: 182,720 Thread 0x0000760418259410 nmethod 10712 0x0000760409838110 code [0x00007604098382c0, 0x00007604098384e0]

GC Heap History (20 events):
Event: 179,399 GC heap after
{Heap after GC invocations=140 (full 11):
 PSYoungGen      total 17920K, used 2131K [0x00000000eab00000, 0x00000000eca00000, 0x0000000100000000)
  eden space 15360K, 0% used [0x00000000eab00000,0x00000000eab00000,0x00000000eba00000)
  from space 2560K, 83% used [0x00000000ec780000,0x00000000ec994d50,0x00000000eca00000)
  to   space 2560K, 0% used [0x00000000ec500000,0x00000000ec500000,0x00000000ec780000)
 ParOldGen       total 280064K, used 264419K [0x00000000c0000000, 0x00000000d1180000, 0x00000000eab00000)
  object space 280064K, 94% used [0x00000000c0000000,0x00000000d0238d78,0x00000000d1180000)
 Metaspace       used 70687K, committed 71936K, reserved 1114112K
  class space    used 7464K, committed 8000K, reserved 1048576K
}
Event: 179,591 GC heap before
{Heap before GC invocations=141 (full 11):
 PSYoungGen      total 17920K, used 17491K [0x00000000eab00000, 0x00000000eca00000, 0x0000000100000000)
  eden space 15360K, 100% used [0x00000000eab00000,0x00000000eba00000,0x00000000eba00000)
  from space 2560K, 83% used [0x00000000ec780000,0x00000000ec994d50,0x00000000eca00000)
  to   space 2560K, 0% used [0x00000000ec500000,0x00000000ec500000,0x00000000ec780000)
 ParOldGen       total 280064K, used 264419K [0x00000000c0000000, 0x00000000d1180000, 0x00000000eab00000)
  object space 280064K, 94% used [0x00000000c0000000,0x00000000d0238d78,0x00000000d1180000)
 Metaspace       used 70742K, committed 72000K, reserved 1114112K
  class space    used 7465K, committed 8000K, reserved 1048576K
}
Event: 179,597 GC heap after
{Heap after GC invocations=141 (full 11):
 PSYoungGen      total 16896K, used 1513K [0x00000000eab00000, 0x00000000ec800000, 0x0000000100000000)
  eden space 15360K, 0% used [0x00000000eab00000,0x00000000eab00000,0x00000000eba00000)
  from space 1536K, 98% used [0x00000000ec500000,0x00000000ec67a420,0x00000000ec680000)
  to   space 1536K, 0% used [0x00000000ec680000,0x00000000ec680000,0x00000000ec800000)
 ParOldGen       total 280064K, used 264427K [0x00000000c0000000, 0x00000000d1180000, 0x00000000eab00000)
  object space 280064K, 94% used [0x00000000c0000000,0x00000000d023ad78,0x00000000d1180000)
 Metaspace       used 70742K, committed 72000K, reserved 1114112K
  class space    used 7465K, committed 8000K, reserved 1048576K
}
Event: 179,710 GC heap before
{Heap before GC invocations=142 (full 11):
 PSYoungGen      total 16896K, used 16873K [0x00000000eab00000, 0x00000000ec800000, 0x0000000100000000)
  eden space 15360K, 100% used [0x00000000eab00000,0x00000000eba00000,0x00000000eba00000)
  from space 1536K, 98% used [0x00000000ec500000,0x00000000ec67a420,0x00000000ec680000)
  to   space 1536K, 0% used [0x00000000ec680000,0x00000000ec680000,0x00000000ec800000)
 ParOldGen       total 280064K, used 264427K [0x00000000c0000000, 0x00000000d1180000, 0x00000000eab00000)
  object space 280064K, 94% used [0x00000000c0000000,0x00000000d023ad78,0x00000000d1180000)
 Metaspace       used 70761K, committed 72000K, reserved 1114112K
  class space    used 7465K, committed 8000K, reserved 1048576K
}
Event: 179,714 GC heap after
{Heap after GC invocations=142 (full 11):
 PSYoungGen      total 16896K, used 1513K [0x00000000eab00000, 0x00000000ec800000, 0x0000000100000000)
  eden space 15360K, 0% used [0x00000000eab00000,0x00000000eab00000,0x00000000eba00000)
  from space 1536K, 98% used [0x00000000ec680000,0x00000000ec7fa460,0x00000000ec800000)
  to   space 2048K, 0% used [0x00000000ec400000,0x00000000ec400000,0x00000000ec600000)
 ParOldGen       total 280064K, used 264427K [0x00000000c0000000, 0x00000000d1180000, 0x00000000eab00000)
  object space 280064K, 94% used [0x00000000c0000000,0x00000000d023ad78,0x00000000d1180000)
 Metaspace       used 70761K, committed 72000K, reserved 1114112K
  class space    used 7465K, committed 8000K, reserved 1048576K
}
Event: 180,274 GC heap before
{Heap before GC invocations=143 (full 11):
 PSYoungGen      total 16896K, used 16873K [0x00000000eab00000, 0x00000000ec800000, 0x0000000100000000)
  eden space 15360K, 100% used [0x00000000eab00000,0x00000000eba00000,0x00000000eba00000)
  from space 1536K, 98% used [0x00000000ec680000,0x00000000ec7fa460,0x00000000ec800000)
  to   space 2048K, 0% used [0x00000000ec400000,0x00000000ec400000,0x00000000ec600000)
 ParOldGen       total 280064K, used 264427K [0x00000000c0000000, 0x00000000d1180000, 0x00000000eab00000)
  object space 280064K, 94% used [0x00000000c0000000,0x00000000d023ad78,0x00000000d1180000)
 Metaspace       used 71259K, committed 72512K, reserved 1114112K
  class space    used 7504K, committed 8064K, reserved 1048576K
}
Event: 180,278 GC heap after
{Heap after GC invocations=143 (full 11):
 PSYoungGen      total 16896K, used 1307K [0x00000000eab00000, 0x00000000ec700000, 0x0000000100000000)
  eden space 15360K, 0% used [0x00000000eab00000,0x00000000eab00000,0x00000000eba00000)
  from space 1536K, 85% used [0x00000000ec400000,0x00000000ec546c40,0x00000000ec580000)
  to   space 1536K, 0% used [0x00000000ec580000,0x00000000ec580000,0x00000000ec700000)
 ParOldGen       total 280064K, used 264435K [0x00000000c0000000, 0x00000000d1180000, 0x00000000eab00000)
  object space 280064K, 94% used [0x00000000c0000000,0x00000000d023cd78,0x00000000d1180000)
 Metaspace       used 71259K, committed 72512K, reserved 1114112K
  class space    used 7504K, committed 8064K, reserved 1048576K
}
Event: 180,390 GC heap before
{Heap before GC invocations=144 (full 11):
 PSYoungGen      total 16896K, used 16667K [0x00000000eab00000, 0x00000000ec700000, 0x0000000100000000)
  eden space 15360K, 100% used [0x00000000eab00000,0x00000000eba00000,0x00000000eba00000)
  from space 1536K, 85% used [0x00000000ec400000,0x00000000ec546c40,0x00000000ec580000)
  to   space 1536K, 0% used [0x00000000ec580000,0x00000000ec580000,0x00000000ec700000)
 ParOldGen       total 280064K, used 264435K [0x00000000c0000000, 0x00000000d1180000, 0x00000000eab00000)
  object space 280064K, 94% used [0x00000000c0000000,0x00000000d023cd78,0x00000000d1180000)
 Metaspace       used 71323K, committed 72576K, reserved 1114112K
  class space    used 7506K, committed 8064K, reserved 1048576K
}
Event: 180,402 GC heap after
{Heap after GC invocations=144 (full 11):
 PSYoungGen      total 16896K, used 1516K [0x00000000eab00000, 0x00000000ece00000, 0x0000000100000000)
  eden space 15360K, 0% used [0x00000000eab00000,0x00000000eab00000,0x00000000eba00000)
  from space 1536K, 98% used [0x00000000ec580000,0x00000000ec6fb0a0,0x00000000ec700000)
  to   space 10240K, 0% used [0x00000000eba00000,0x00000000eba00000,0x00000000ec400000)
 ParOldGen       total 280064K, used 271606K [0x00000000c0000000, 0x00000000d1180000, 0x00000000eab00000)
  object space 280064K, 96% used [0x00000000c0000000,0x00000000d093d848,0x00000000d1180000)
 Metaspace       used 71323K, committed 72576K, reserved 1114112K
  class space    used 7506K, committed 8064K, reserved 1048576K
}
Event: 180,502 GC heap before
{Heap before GC invocations=145 (full 11):
 PSYoungGen      total 16896K, used 16876K [0x00000000eab00000, 0x00000000ece00000, 0x0000000100000000)
  eden space 15360K, 100% used [0x00000000eab00000,0x00000000eba00000,0x00000000eba00000)
  from space 1536K, 98% used [0x00000000ec580000,0x00000000ec6fb0a0,0x00000000ec700000)
  to   space 10240K, 0% used [0x00000000eba00000,0x00000000eba00000,0x00000000ec400000)
 ParOldGen       total 280064K, used 271606K [0x00000000c0000000, 0x00000000d1180000, 0x00000000eab00000)
  object space 280064K, 96% used [0x00000000c0000000,0x00000000d093d848,0x00000000d1180000)
 Metaspace       used 71352K, committed 72640K, reserved 1114112K
  class space    used 7508K, committed 8064K, reserved 1048576K
}
Event: 180,516 GC heap after
{Heap after GC invocations=145 (full 11):
 PSYoungGen      total 25600K, used 9355K [0x00000000eab00000, 0x00000000ece00000, 0x0000000100000000)
  eden space 15360K, 0% used [0x00000000eab00000,0x00000000eab00000,0x00000000eba00000)
  from space 10240K, 91% used [0x00000000eba00000,0x00000000ec322dd0,0x00000000ec400000)
  to   space 10240K, 0% used [0x00000000ec400000,0x00000000ec400000,0x00000000ece00000)
 ParOldGen       total 280064K, used 271734K [0x00000000c0000000, 0x00000000d1180000, 0x00000000eab00000)
  object space 280064K, 97% used [0x00000000c0000000,0x00000000d095d848,0x00000000d1180000)
 Metaspace       used 71352K, committed 72640K, reserved 1114112K
  class space    used 7508K, committed 8064K, reserved 1048576K
}
Event: 180,898 GC heap before
{Heap before GC invocations=146 (full 11):
 PSYoungGen      total 25600K, used 24715K [0x00000000eab00000, 0x00000000ece00000, 0x0000000100000000)
  eden space 15360K, 100% used [0x00000000eab00000,0x00000000eba00000,0x00000000eba00000)
  from space 10240K, 91% used [0x00000000eba00000,0x00000000ec322dd0,0x00000000ec400000)
  to   space 10240K, 0% used [0x00000000ec400000,0x00000000ec400000,0x00000000ece00000)
 ParOldGen       total 280064K, used 271734K [0x00000000c0000000, 0x00000000d1180000, 0x00000000eab00000)
  object space 280064K, 97% used [0x00000000c0000000,0x00000000d095d848,0x00000000d1180000)
 Metaspace       used 71400K, committed 72704K, reserved 1114112K
  class space    used 7514K, committed 8064K, reserved 1048576K
}
Event: 180,907 GC heap after
{Heap after GC invocations=146 (full 11):
 PSYoungGen      total 24576K, used 10223K [0x00000000eab00000, 0x00000000ed000000, 0x0000000100000000)
  eden space 14336K, 0% used [0x00000000eab00000,0x00000000eab00000,0x00000000eb900000)
  from space 10240K, 99% used [0x00000000ec400000,0x00000000ecdfbfe0,0x00000000ece00000)
  to   space 11264K, 0% used [0x00000000eb900000,0x00000000eb900000,0x00000000ec400000)
 ParOldGen       total 280064K, used 272158K [0x00000000c0000000, 0x00000000d1180000, 0x00000000eab00000)
  object space 280064K, 97% used [0x00000000c0000000,0x00000000d09c7848,0x00000000d1180000)
 Metaspace       used 71400K, committed 72704K, reserved 1114112K
  class space    used 7514K, committed 8064K, reserved 1048576K
}
Event: 182,043 GC heap before
{Heap before GC invocations=147 (full 11):
 PSYoungGen      total 24576K, used 24559K [0x00000000eab00000, 0x00000000ed000000, 0x0000000100000000)
  eden space 14336K, 99% used [0x00000000eab00000,0x00000000eb8ffff0,0x00000000eb900000)
  from space 10240K, 99% used [0x00000000ec400000,0x00000000ecdfbfe0,0x00000000ece00000)
  to   space 11264K, 0% used [0x00000000eb900000,0x00000000eb900000,0x00000000ec400000)
 ParOldGen       total 280064K, used 272158K [0x00000000c0000000, 0x00000000d1180000, 0x00000000eab00000)
  object space 280064K, 97% used [0x00000000c0000000,0x00000000d09c7848,0x00000000d1180000)
 Metaspace       used 71684K, committed 72960K, reserved 1114112K
  class space    used 7567K, committed 8128K, reserved 1048576K
}
Event: 182,055 GC heap after
{Heap after GC invocations=147 (full 11):
 PSYoungGen      total 25600K, used 11263K [0x00000000eab00000, 0x00000000ed100000, 0x0000000100000000)
  eden space 14336K, 0% used [0x00000000eab00000,0x00000000eab00000,0x00000000eb900000)
  from space 11264K, 99% used [0x00000000eb900000,0x00000000ec3ffe40,0x00000000ec400000)
  to   space 12288K, 0% used [0x00000000ec500000,0x00000000ec500000,0x00000000ed100000)
 ParOldGen       total 280064K, used 272798K [0x00000000c0000000, 0x00000000d1180000, 0x00000000eab00000)
  object space 280064K, 97% used [0x00000000c0000000,0x00000000d0a67848,0x00000000d1180000)
 Metaspace       used 71684K, committed 72960K, reserved 1114112K
  class space    used 7567K, committed 8128K, reserved 1048576K
}
Event: 182,679 GC heap before
{Heap before GC invocations=148 (full 11):
 PSYoungGen      total 25600K, used 25599K [0x00000000eab00000, 0x00000000ed100000, 0x0000000100000000)
  eden space 14336K, 100% used [0x00000000eab00000,0x00000000eb900000,0x00000000eb900000)
  from space 11264K, 99% used [0x00000000eb900000,0x00000000ec3ffe40,0x00000000ec400000)
  to   space 12288K, 0% used [0x00000000ec500000,0x00000000ec500000,0x00000000ed100000)
 ParOldGen       total 280064K, used 272798K [0x00000000c0000000, 0x00000000d1180000, 0x00000000eab00000)
  object space 280064K, 97% used [0x00000000c0000000,0x00000000d0a67848,0x00000000d1180000)
 Metaspace       used 71716K, committed 72960K, reserved 1114112K
  class space    used 7569K, committed 8128K, reserved 1048576K
}
Event: 182,687 GC heap after
{Heap after GC invocations=148 (full 11):
 PSYoungGen      total 23040K, used 12280K [0x00000000eab00000, 0x00000000ed800000, 0x0000000100000000)
  eden space 10752K, 0% used [0x00000000eab00000,0x00000000eab00000,0x00000000eb580000)
  from space 12288K, 99% used [0x00000000ec500000,0x00000000ed0fe0e0,0x00000000ed100000)
  to   space 15872K, 0% used [0x00000000eb580000,0x00000000eb580000,0x00000000ec500000)
 ParOldGen       total 280064K, used 275510K [0x00000000c0000000, 0x00000000d1180000, 0x00000000eab00000)
  object space 280064K, 98% used [0x00000000c0000000,0x00000000d0d0d848,0x00000000d1180000)
 Metaspace       used 71716K, committed 72960K, reserved 1114112K
  class space    used 7569K, committed 8128K, reserved 1048576K
}
Event: 182,721 GC heap before
{Heap before GC invocations=149 (full 11):
 PSYoungGen      total 23040K, used 23032K [0x00000000eab00000, 0x00000000ed800000, 0x0000000100000000)
  eden space 10752K, 100% used [0x00000000eab00000,0x00000000eb580000,0x00000000eb580000)
  from space 12288K, 99% used [0x00000000ec500000,0x00000000ed0fe0e0,0x00000000ed100000)
  to   space 15872K, 0% used [0x00000000eb580000,0x00000000eb580000,0x00000000ec500000)
 ParOldGen       total 280064K, used 275510K [0x00000000c0000000, 0x00000000d1180000, 0x00000000eab00000)
  object space 280064K, 98% used [0x00000000c0000000,0x00000000d0d0d848,0x00000000d1180000)
 Metaspace       used 71781K, committed 73024K, reserved 1114112K
  class space    used 7574K, committed 8128K, reserved 1048576K
}
Event: 182,729 GC heap after
{Heap after GC invocations=149 (full 11):
 PSYoungGen      total 16896K, used 5903K [0x00000000eab00000, 0x00000000ec880000, 0x0000000100000000)
  eden space 10752K, 0% used [0x00000000eab00000,0x00000000eab00000,0x00000000eb580000)
  from space 6144K, 96% used [0x00000000eb580000,0x00000000ebb43cd0,0x00000000ebb80000)
  to   space 9728K, 0% used [0x00000000ebf00000,0x00000000ebf00000,0x00000000ec880000)
 ParOldGen       total 282112K, used 282097K [0x00000000c0000000, 0x00000000d1380000, 0x00000000eab00000)
  object space 282112K, 99% used [0x00000000c0000000,0x00000000d137c618,0x00000000d1380000)
 Metaspace       used 71781K, committed 73024K, reserved 1114112K
  class space    used 7574K, committed 8128K, reserved 1048576K
}
Event: 182,729 GC heap before
{Heap before GC invocations=150 (full 12):
 PSYoungGen      total 16896K, used 5903K [0x00000000eab00000, 0x00000000ec880000, 0x0000000100000000)
  eden space 10752K, 0% used [0x00000000eab00000,0x00000000eab00000,0x00000000eb580000)
  from space 6144K, 96% used [0x00000000eb580000,0x00000000ebb43cd0,0x00000000ebb80000)
  to   space 9728K, 0% used [0x00000000ebf00000,0x00000000ebf00000,0x00000000ec880000)
 ParOldGen       total 282112K, used 282097K [0x00000000c0000000, 0x00000000d1380000, 0x00000000eab00000)
  object space 282112K, 99% used [0x00000000c0000000,0x00000000d137c618,0x00000000d1380000)
 Metaspace       used 71781K, committed 73024K, reserved 1114112K
  class space    used 7574K, committed 8128K, reserved 1048576K
}

Dll operation events (9 events):
Event: 0,004 Loaded shared library /home/joyzinhw/.vscode/extensions/redhat.java-1.33.0-linux-x64/jre/17.0.11-linux-x86_64/lib/libjava.so
Event: 0,248 Loaded shared library /home/joyzinhw/.vscode/extensions/redhat.java-1.33.0-linux-x64/jre/17.0.11-linux-x86_64/lib/libzip.so
Event: 0,251 Loaded shared library /home/joyzinhw/.vscode/extensions/redhat.java-1.33.0-linux-x64/jre/17.0.11-linux-x86_64/lib/libinstrument.so
Event: 0,269 Loaded shared library /home/joyzinhw/.vscode/extensions/redhat.java-1.33.0-linux-x64/jre/17.0.11-linux-x86_64/lib/libnio.so
Event: 0,282 Loaded shared library /home/joyzinhw/.vscode/extensions/redhat.java-1.33.0-linux-x64/jre/17.0.11-linux-x86_64/lib/libzip.so
Event: 0,317 Loaded shared library /home/joyzinhw/.vscode/extensions/redhat.java-1.33.0-linux-x64/jre/17.0.11-linux-x86_64/lib/libjimage.so
Event: 0,398 Loaded shared library /home/joyzinhw/.vscode/extensions/redhat.java-1.33.0-linux-x64/jre/17.0.11-linux-x86_64/lib/libverify.so
Event: 1,224 Loaded shared library /home/joyzinhw/.vscode/extensions/redhat.java-1.33.0-linux-x64/jre/17.0.11-linux-x86_64/lib/libnet.so
Event: 1,934 Loaded shared library /home/joyzinhw/.config/Code/User/globalStorage/redhat.java/1.33.0/config_linux/org.eclipse.equinox.launcher/org.eclipse.equinox.launcher.gtk.linux.x86_64_1.2.1100.v20240722-2106/eclipse_11904.so

Deoptimization events (20 events):
Event: 182,702 Thread 0x00007602bc000ff0 DEOPT PACKING pc=0x00007604096d48dd sp=0x00007603ebefde40
Event: 182,702 Thread 0x00007602bc000ff0 DEOPT UNPACKING pc=0x000076041058db2f sp=0x00007603ebefd3d8 mode 0
Event: 182,705 Thread 0x00007602bc000ff0 Uncommon trap: trap_request=0xffffff45 fr.pc=0x0000760410af6250 relative=0x00000000000004f0
Event: 182,705 Thread 0x00007602bc000ff0 Uncommon trap: reason=unstable_if action=reinterpret pc=0x0000760410af6250 method=org.eclipse.jdt.internal.core.index.Index.isMatch([C[CI)Z @ 106 c2
Event: 182,705 Thread 0x00007602bc000ff0 DEOPT PACKING pc=0x0000760410af6250 sp=0x00007603ebefde80
Event: 182,705 Thread 0x00007602bc000ff0 DEOPT UNPACKING pc=0x000076041058d399 sp=0x00007603ebefde48 mode 2
Event: 182,707 Thread 0x000076030c03f690 DEOPT PACKING pc=0x00007604096d4946 sp=0x00007603f4879e40
Event: 182,707 Thread 0x00007602c40030a0 DEOPT PACKING pc=0x00007604096d4946 sp=0x00007603ebcfde40
Event: 182,707 Thread 0x00007602c40030a0 DEOPT UNPACKING pc=0x000076041058db2f sp=0x00007603ebcfd3d8 mode 0
Event: 182,707 Thread 0x00007602bc000ff0 DEOPT PACKING pc=0x00007604096d4946 sp=0x00007603ebefde40
Event: 182,707 Thread 0x00007602bc000ff0 DEOPT UNPACKING pc=0x000076041058db2f sp=0x00007603ebefd3d8 mode 0
Event: 182,707 Thread 0x00007602c40030a0 Uncommon trap: trap_request=0xffffff45 fr.pc=0x0000760410d9d734 relative=0x0000000000000254
Event: 182,707 Thread 0x00007602c40030a0 Uncommon trap: reason=unstable_if action=reinterpret pc=0x0000760410d9d734 method=org.eclipse.jdt.internal.core.index.DiskIndex.addQueryResults([[C[CILorg/eclipse/jdt/internal/core/index/MemoryIndex;)Lorg/eclipse/jdt/internal/compiler/util/HashtableOfObje
Event: 182,707 Thread 0x00007602bc00f990 DEOPT PACKING pc=0x00007604096d4946 sp=0x00007603f4279e40
Event: 182,707 Thread 0x000076030c09bb60 DEOPT PACKING pc=0x00007604096d4946 sp=0x00007603f4779e40
Event: 182,707 Thread 0x00007602c40030a0 DEOPT PACKING pc=0x0000760410d9d734 sp=0x00007603ebcfdf60
Event: 182,707 Thread 0x000076030c03f690 DEOPT UNPACKING pc=0x000076041058db2f sp=0x00007603f48793d8 mode 0
Event: 182,707 Thread 0x00007602c40030a0 DEOPT UNPACKING pc=0x000076041058d399 sp=0x00007603ebcfdee8 mode 2
Event: 182,707 Thread 0x000076030c09bb60 DEOPT UNPACKING pc=0x000076041058db2f sp=0x00007603f47793d8 mode 0
Event: 182,707 Thread 0x00007602bc00f990 DEOPT UNPACKING pc=0x000076041058db2f sp=0x00007603f42793d8 mode 0

Classes unloaded (10 events):
Event: 6,973 Thread 0x0000760418069270 Unloading class 0x0000000100377400 'java/lang/invoke/LambdaForm$MH+0x0000000100377400'
Event: 6,973 Thread 0x0000760418069270 Unloading class 0x0000000100377000 'java/lang/invoke/LambdaForm$MH+0x0000000100377000'
Event: 6,973 Thread 0x0000760418069270 Unloading class 0x0000000100376000 'java/lang/invoke/LambdaForm$MH+0x0000000100376000'
Event: 6,973 Thread 0x0000760418069270 Unloading class 0x0000000100250400 'java/lang/invoke/LambdaForm$MH+0x0000000100250400'
Event: 6,973 Thread 0x0000760418069270 Unloading class 0x0000000100250000 'java/lang/invoke/LambdaForm$MH+0x0000000100250000'
Event: 6,973 Thread 0x0000760418069270 Unloading class 0x000000010024fc00 'java/lang/invoke/LambdaForm$MH+0x000000010024fc00'
Event: 6,973 Thread 0x0000760418069270 Unloading class 0x000000010024f800 'java/lang/invoke/LambdaForm$MH+0x000000010024f800'
Event: 6,973 Thread 0x0000760418069270 Unloading class 0x000000010024f400 'java/lang/invoke/LambdaForm$BMH+0x000000010024f400'
Event: 6,973 Thread 0x0000760418069270 Unloading class 0x000000010024f000 'java/lang/invoke/LambdaForm$DMH+0x000000010024f000'
Event: 6,973 Thread 0x0000760418069270 Unloading class 0x000000010024c400 'java/lang/invoke/LambdaForm$DMH+0x000000010024c400'

Classes redefined (0 events):
No events

Internal exceptions (20 events):
Event: 40,727 Thread 0x000076030c09bb60 Exception <a 'java/lang/LinkageError'{0x00000000ec07b7e0}: loader lombok.launch.ShadowClassLoader @74def815 attempted duplicate class definition for lombok.launch.PatchFixesHider$Delegate. (lombok.launch.PatchFixesHider$Delegate is in unnamed module of loader lombok.launch.ShadowClassLoader @74def815, parent loader org.eclipse.osgi.internal.loader.EquinoxClassLoader @72bfcfb4)> (0x00000000ec07b7e0) 
thrown [src/hotspot/share/classfile/systemDictionary.cpp, line 1723]
Event: 40,812 Thread 0x000076030c03f690 Exception <a 'java/lang/LinkageError'{0x00000000ebad2858}: loader lombok.launch.ShadowClassLoader @74def815 attempted duplicate class definition for lombok.launch.PatchFixesHider$Val. (lombok.launch.PatchFixesHider$Val is in unnamed module of loader lombok.launch.ShadowClassLoader @74def815, parent loader org.eclipse.osgi.internal.loader.EquinoxClassLoader @72bfcfb4)> (0x00000000ebad2858) 
thrown [src/hotspot/share/classfile/systemDictionary.cpp, line 1723]
Event: 40,869 Thread 0x000076030c03f690 Exception <a 'java/lang/NoSuchMethodError'{0x00000000eba78b18}: 'int java.lang.invoke.DirectMethodHandle$Holder.invokeStatic(java.lang.Object, int, java.lang.Object)'> (0x00000000eba78b18) 
thrown [src/hotspot/share/interpreter/linkResolver.cpp, line 758]
Event: 40,869 Thread 0x000076030c09bb60 Exception <a 'java/lang/NoSuchMethodError'{0x00000000eba7f3c0}: 'int java.lang.invoke.DirectMethodHandle$Holder.invokeStatic(java.lang.Object, int, java.lang.Object)'> (0x00000000eba7f3c0) 
thrown [src/hotspot/share/interpreter/linkResolver.cpp, line 758]
Event: 40,870 Thread 0x0000760304050af0 Exception <a 'java/lang/NoSuchMethodError'{0x00000000eba95230}: 'void java.lang.invoke.DirectMethodHandle$Holder.invokeStatic(java.lang.Object, int, java.lang.Object)'> (0x00000000eba95230) 
thrown [src/hotspot/share/interpreter/linkResolver.cpp, line 758]
Event: 40,887 Thread 0x000076030c03f690 Exception <a 'java/lang/LinkageError'{0x00000000ebcd0e88}: loader lombok.launch.ShadowClassLoader @20f255cd attempted duplicate class definition for lombok.eclipse.agent.PatchDiagnostics. (lombok.eclipse.agent.PatchDiagnostics is in unnamed module of loader lombok.launch.ShadowClassLoader @20f255cd, parent loader org.eclipse.osgi.internal.loader.EquinoxClassLoader @29bccf78)> (0x00000000ebcd0e88) 
thrown [src/hotspot/share/classfile/systemDictionary.cpp, line 1723]
Event: 40,888 Thread 0x000076030c03f690 Exception <a 'java/lang/LinkageError'{0x00000000ebcda3d0}: loader lombok.launch.ShadowClassLoader @20f255cd attempted duplicate class definition for lombok.eclipse.EcjAugments. (lombok.eclipse.EcjAugments is in unnamed module of loader lombok.launch.ShadowClassLoader @20f255cd, parent loader org.eclipse.osgi.internal.loader.EquinoxClassLoader @29bccf78)> (0x00000000ebcda3d0) 
thrown [src/hotspot/share/classfile/systemDictionary.cpp, line 1723]
Event: 40,899 Thread 0x000076030c03f690 Exception <a 'java/lang/LinkageError'{0x00000000ebea13f0}: loader lombok.launch.ShadowClassLoader @20f255cd attempted duplicate class definition for lombok.launch.PatchFixesHider$ValPortal. (lombok.launch.PatchFixesHider$ValPortal is in unnamed module of loader lombok.launch.ShadowClassLoader @20f255cd, parent loader org.eclipse.osgi.internal.loader.EquinoxClassLoader @29bccf78)> (0x00000000ebea13f0) 
thrown [src/hotspot/share/classfile/systemDictionary.cpp, line 1723]
Event: 40,907 Thread 0x000076030c03f690 Exception <a 'java/lang/LinkageError'{0x00000000ec0b3950}: loader lombok.launch.ShadowClassLoader @20f255cd attempted duplicate class definition for lombok.launch.PatchFixesHider$PatchFixes. (lombok.launch.PatchFixesHider$PatchFixes is in unnamed module of loader lombok.launch.ShadowClassLoader @20f255cd, parent loader org.eclipse.osgi.internal.loader.EquinoxClassLoader @29bccf78)> (0x00000000ec0b3950) 
thrown [src/hotspot/share/classfile/systemDictionary.cpp, line 1723]
Event: 40,952 Thread 0x0000760324001130 Exception <a 'java/lang/NoSuchMethodError'{0x00000000eae8da40}: 'java.lang.Object java.lang.invoke.DirectMethodHandle$Holder.invokeStatic(java.lang.Object, java.lang.Object, int, java.lang.Object)'> (0x00000000eae8da40) 
thrown [src/hotspot/share/interpreter/linkResolver.cpp, line 758]
Event: 40,954 Thread 0x0000760324001130 Exception <a 'java/lang/NoSuchMethodError'{0x00000000eaeed680}: 'java.lang.Object java.lang.invoke.DirectMethodHandle$Holder.newInvokeSpecial(java.lang.Object, java.lang.Object, int)'> (0x00000000eaeed680) 
thrown [src/hotspot/share/interpreter/linkResolver.cpp, line 758]
Event: 40,956 Thread 0x000076030c09cea0 Implicit null exception at 0x0000760410e6b8cc to 0x0000760410e6b92f
Event: 40,970 Thread 0x000076036c00be80 Exception <a 'java/io/FileNotFoundException'{0x00000000eb4b43f0}> (0x00000000eb4b43f0) 
thrown [src/hotspot/share/prims/jni.cpp, line 516]
Event: 40,970 Thread 0x000076036c00be80 Exception <a 'java/io/FileNotFoundException'{0x00000000eb4eb6c0}> (0x00000000eb4eb6c0) 
thrown [src/hotspot/share/prims/jni.cpp, line 516]
Event: 41,327 Thread 0x00007602c8000ff0 Exception <a 'java/lang/NoSuchMethodError'{0x00000000eb88f240}: 'java.lang.Object java.lang.invoke.DirectMethodHandle$Holder.invokeStatic(java.lang.Object, int, java.lang.Object, java.lang.Object, java.lang.Object, java.lang.Object)'> (0x00000000eb88f240) 
thrown [src/hotspot/share/interpreter/linkResolver.cpp, line 758]
Event: 41,675 Thread 0x0000760304000ff0 Implicit null exception at 0x0000760410d37a3e to 0x0000760410d37ba8
Event: 179,359 Thread 0x00007602bc002190 Implicit null exception at 0x00007604110755c3 to 0x000076041107596c
Event: 180,259 Thread 0x0000760378982b00 Implicit null exception at 0x0000760410d6b5aa to 0x0000760410d6d2f4
Event: 180,261 Thread 0x0000760378982b00 Exception <a 'sun/nio/fs/UnixException'{0x00000000eb866120}> (0x00000000eb866120) 
thrown [src/hotspot/share/prims/jni.cpp, line 516]
Event: 180,554 Thread 0x0000760378982b00 Exception <a 'sun/nio/fs/UnixException'{0x00000000eac91a68}> (0x00000000eac91a68) 
thrown [src/hotspot/share/prims/jni.cpp, line 516]

VM Operations (20 events):
Event: 180,516 Executing VM operation: ParallelGCFailedAllocation done
Event: 180,898 Executing VM operation: ParallelGCFailedAllocation
Event: 180,907 Executing VM operation: ParallelGCFailedAllocation done
Event: 181,907 Executing VM operation: Cleanup
Event: 181,907 Executing VM operation: Cleanup done
Event: 181,984 Executing VM operation: HandshakeAllThreads
Event: 181,984 Executing VM operation: HandshakeAllThreads done
Event: 181,988 Executing VM operation: HandshakeAllThreads
Event: 181,988 Executing VM operation: HandshakeAllThreads done
Event: 181,992 Executing VM operation: HandshakeAllThreads
Event: 181,992 Executing VM operation: HandshakeAllThreads done
Event: 181,997 Executing VM operation: HandshakeAllThreads
Event: 181,998 Executing VM operation: HandshakeAllThreads done
Event: 182,000 Executing VM operation: HandshakeAllThreads
Event: 182,000 Executing VM operation: HandshakeAllThreads done
Event: 182,043 Executing VM operation: ParallelGCFailedAllocation
Event: 182,056 Executing VM operation: ParallelGCFailedAllocation done
Event: 182,679 Executing VM operation: ParallelGCFailedAllocation
Event: 182,687 Executing VM operation: ParallelGCFailedAllocation done
Event: 182,721 Executing VM operation: ParallelGCFailedAllocation

Events (20 events):
Event: 180,565 loading class java/util/stream/DistinctOps
Event: 180,566 loading class java/util/stream/DistinctOps done
Event: 180,566 loading class java/util/stream/DistinctOps$1
Event: 180,566 loading class java/util/stream/DistinctOps$1 done
Event: 180,567 loading class java/util/stream/DistinctOps$1$2
Event: 180,568 loading class java/util/stream/DistinctOps$1$2 done
Event: 181,207 Thread 0x00007603cc425bd0 Thread exited: 0x00007603cc425bd0
Event: 181,212 loading class java/util/stream/ReduceOps$2
Event: 181,212 loading class java/util/stream/ReduceOps$2 done
Event: 181,212 loading class java/util/stream/ReduceOps$2ReducingSink
Event: 181,213 loading class java/util/stream/ReduceOps$2ReducingSink done
Event: 181,970 Thread 0x00007603d486fdd0 Thread exited: 0x00007603d486fdd0
Event: 182,010 Thread 0x00007603cc305e50 Thread added: 0x00007603cc305e50
Event: 182,010 Protecting memory [0x00007603f407c000,0x00007603f4080000] with protection modes 0
Event: 182,026 Thread 0x00007603cc8a62e0 Thread added: 0x00007603cc8a62e0
Event: 182,028 Protecting memory [0x00007603f5ff8000,0x00007603f5ffc000] with protection modes 0
Event: 182,672 Thread 0x00007603cc8a62e0 Thread exited: 0x00007603cc8a62e0
Event: 182,672 Thread 0x00007603cc305e50 Thread exited: 0x00007603cc305e50
Event: 182,697 Thread 0x00007603d486fdd0 Thread added: 0x00007603d486fdd0
Event: 182,697 Protecting memory [0x00007603f407c000,0x00007603f4080000] with protection modes 0


Dynamic libraries:
c0000000-d1380000 rw-p 00000000 00:00 0 
d1380000-eab00000 ---p 00000000 00:00 0 
eab00000-ec880000 rw-p 00000000 00:00 0 
ec880000-100000000 ---p 00000000 00:00 0 
100000000-100010000 rw-p 00000000 00:00 0 
100010000-100030000 rw-p 00000000 00:00 0 
100030000-1000b0000 rw-p 00000000 00:00 0 
1000b0000-1000d0000 rw-p 00000000 00:00 0 
1000d0000-100130000 rw-p 00000000 00:00 0 
100130000-100170000 rw-p 00000000 00:00 0 
100170000-1001f0000 rw-p 00000000 00:00 0 
1001f0000-1002f0000 rw-p 00000000 00:00 0 
1002f0000-1003d0000 rw-p 00000000 00:00 0 
1003d0000-1003f0000 rw-p 00000000 00:00 0 
1003f0000-100450000 rw-p 00000000 00:00 0 
100450000-100470000 rw-p 00000000 00:00 0 
100470000-100730000 rw-p 00000000 00:00 0 
100730000-100750000 rw-p 00000000 00:00 0 
100750000-100780000 ---p 00000000 00:00 0 
100780000-100820000 rw-p 00000000 00:00 0 
100820000-140000000 ---p 00000000 00:00 0 
5679acf5a000-5679acf5b000 r--p 00000000 fc:01 13238612                   /home/joyzinhw/.vscode/extensions/redhat.java-1.33.0-linux-x64/jre/17.0.11-linux-x86_64/bin/java
5679acf5b000-5679acf5c000 r-xp 00001000 fc:01 13238612                   /home/joyzinhw/.vscode/extensions/redhat.java-1.33.0-linux-x64/jre/17.0.11-linux-x86_64/bin/java
5679acf5c000-5679acf5d000 r--p 00002000 fc:01 13238612                   /home/joyzinhw/.vscode/extensions/redhat.java-1.33.0-linux-x64/jre/17.0.11-linux-x86_64/bin/java
5679acf5d000-5679acf5e000 r--p 00002000 fc:01 13238612                   /home/joyzinhw/.vscode/extensions/redhat.java-1.33.0-linux-x64/jre/17.0.11-linux-x86_64/bin/java
5679acf5e000-5679acf5f000 rw-p 00003000 fc:01 13238612                   /home/joyzinhw/.vscode/extensions/redhat.java-1.33.0-linux-x64/jre/17.0.11-linux-x86_64/bin/java
5679d4c7d000-5679d4cc6000 rw-p 00000000 00:00 0                          [heap]
760294000000-760294021000 rw-p 00000000 00:00 0 
760294021000-760298000000 ---p 00000000 00:00 0 
760298000000-760298021000 rw-p 00000000 00:00 0 
760298021000-76029c000000 ---p 00000000 00:00 0 
7602a0000000-7602a0021000 rw-p 00000000 00:00 0 
7602a0021000-7602a4000000 ---p 00000000 00:00 0 
7602a4000000-7602a4021000 rw-p 00000000 00:00 0 
7602a4021000-7602a8000000 ---p 00000000 00:00 0 
7602ac000000-7602ac021000 rw-p 00000000 00:00 0 
7602ac021000-7602b0000000 ---p 00000000 00:00 0 
7602b0000000-7602b0173000 rw-p 00000000 00:00 0 
7602b0173000-7602b4000000 ---p 00000000 00:00 0 
7602b8000000-7602b8021000 rw-p 00000000 00:00 0 
7602b8021000-7602bc000000 ---p 00000000 00:00 0 
7602bc000000-7602bc02f000 rw-p 00000000 00:00 0 
7602bc02f000-7602c0000000 ---p 00000000 00:00 0 
7602c4000000-7602c5a35000 rw-p 00000000 00:00 0 
7602c5a35000-7602c8000000 ---p 00000000 00:00 0 
7602c8000000-7602c817d000 rw-p 00000000 00:00 0 
7602c817d000-7602cc000000 ---p 00000000 00:00 0 
7602d0000000-7602d0021000 rw-p 00000000 00:00 0 
7602d0021000-7602d4000000 ---p 00000000 00:00 0 
7602d4000000-7602d4021000 rw-p 00000000 00:00 0 
7602d4021000-7602d8000000 ---p 00000000 00:00 0 
7602dc000000-7602dc021000 rw-p 00000000 00:00 0 
7602dc021000-7602e0000000 ---p 00000000 00:00 0 
7602e0000000-7602e0021000 rw-p 00000000 00:00 0 
7602e0021000-7602e4000000 ---p 00000000 00:00 0 
7602e8000000-7602e826c000 rw-p 00000000 00:00 0 
7602e826c000-7602ec000000 ---p 00000000 00:00 0 
7602ec000000-7602ec27f000 rw-p 00000000 00:00 0 
7602ec27f000-7602f0000000 ---p 00000000 00:00 0 
7602f4000000-7602f4021000 rw-p 00000000 00:00 0 
7602f4021000-7602f8000000 ---p 00000000 00:00 0 
7602f8000000-7602f80d5000 rw-p 00000000 00:00 0 
7602f80d5000-7602fc000000 ---p 00000000 00:00 0 
760300000000-760300021000 rw-p 00000000 00:00 0 
760300021000-760304000000 ---p 00000000 00:00 0 
760304000000-76030409b000 rw-p 00000000 00:00 0 
76030409b000-760308000000 ---p 00000000 00:00 0 
76030c000000-76030c166000 rw-p 00000000 00:00 0 
76030c166000-760310000000 ---p 00000000 00:00 0 
760310000000-760310021000 rw-p 00000000 00:00 0 
760310021000-760314000000 ---p 00000000 00:00 0 
760318000000-760318021000 rw-p 00000000 00:00 0 
760318021000-76031c000000 ---p 00000000 00:00 0 
76031c600000-760323f15000 r--s 00000000 fc:01 10508909                   /usr/lib/jvm/java-17-oracle/lib/modules
760324000000-760324087000 rw-p 00000000 00:00 0 
760324087000-760328000000 ---p 00000000 00:00 0 
76032c000000-76032c175000 rw-p 00000000 00:00 0 
76032c175000-760330000000 ---p 00000000 00:00 0 
760330000000-760330036000 rw-p 00000000 00:00 0 
760330036000-760334000000 ---p 00000000 00:00 0 
760338000000-7603399a0000 rw-p 00000000 00:00 0 
7603399a0000-76033c000000 ---p 00000000 00:00 0 
76033c000000-76033c131000 rw-p 00000000 00:00 0 
76033c131000-760340000000 ---p 00000000 00:00 0 
760344000000-7603440a3000 rw-p 00000000 00:00 0 
7603440a3000-760348000000 ---p 00000000 00:00 0 
760348000000-760348021000 rw-p 00000000 00:00 0 
760348021000-76034c000000 ---p 00000000 00:00 0 
760350000000-760350021000 rw-p 00000000 00:00 0 
760350021000-760354000000 ---p 00000000 00:00 0 
760354000000-760354021000 rw-p 00000000 00:00 0 
760354021000-760358000000 ---p 00000000 00:00 0 
76035c000000-76035c021000 rw-p 00000000 00:00 0 
76035c021000-760360000000 ---p 00000000 00:00 0 
760360000000-760360021000 rw-p 00000000 00:00 0 
760360021000-760364000000 ---p 00000000 00:00 0 
760368000000-760368021000 rw-p 00000000 00:00 0 
760368021000-76036c000000 ---p 00000000 00:00 0 
76036c000000-76036dd35000 rw-p 00000000 00:00 0 
76036dd35000-760370000000 ---p 00000000 00:00 0 
760374000000-760374021000 rw-p 00000000 00:00 0 
760374021000-760378000000 ---p 00000000 00:00 0 
760378000000-760378a3d000 rw-p 00000000 00:00 0 
760378a3d000-76037c000000 ---p 00000000 00:00 0 
760380000000-76038003e000 rw-p 00000000 00:00 0 
76038003e000-760384000000 ---p 00000000 00:00 0 
760384000000-760384219000 rw-p 00000000 00:00 0 
760384219000-760388000000 ---p 00000000 00:00 0 
76038c000000-76038db49000 rw-p 00000000 00:00 0 
76038db49000-760390000000 ---p 00000000 00:00 0 
760390000000-760390021000 rw-p 00000000 00:00 0 
760390021000-760394000000 ---p 00000000 00:00 0 
760398000000-7603983fb000 rw-p 00000000 00:00 0 
7603983fb000-76039c000000 ---p 00000000 00:00 0 
76039c000000-76039c021000 rw-p 00000000 00:00 0 
76039c021000-7603a0000000 ---p 00000000 00:00 0 
7603a4000000-7603a4021000 rw-p 00000000 00:00 0 
7603a4021000-7603a8000000 ---p 00000000 00:00 0 
7603a8000000-7603a8240000 rw-p 00000000 00:00 0 
7603a8240000-7603ac000000 ---p 00000000 00:00 0 
7603b0000000-7603b0021000 rw-p 00000000 00:00 0 
7603b0021000-7603b4000000 ---p 00000000 00:00 0 
7603b4000000-7603b4021000 rw-p 00000000 00:00 0 
7603b4021000-7603b8000000 ---p 00000000 00:00 0 
7603bc000000-7603bc2af000 rw-p 00000000 00:00 0 
7603bc2af000-7603c0000000 ---p 00000000 00:00 0 
7603c0000000-7603c0021000 rw-p 00000000 00:00 0 
7603c0021000-7603c4000000 ---p 00000000 00:00 0 
7603c8000000-7603c8129000 rw-p 00000000 00:00 0 
7603c8129000-7603cc000000 ---p 00000000 00:00 0 
7603cc000000-7603ccb92000 rw-p 00000000 00:00 0 
7603ccb92000-7603d0000000 ---p 00000000 00:00 0 
7603d4000000-7603d5934000 rw-p 00000000 00:00 0 
7603d5934000-7603d8000000 ---p 00000000 00:00 0 
7603d8000000-7603d8021000 rw-p 00000000 00:00 0 
7603d8021000-7603dc000000 ---p 00000000 00:00 0 
7603e0000000-7603e0021000 rw-p 00000000 00:00 0 
7603e0021000-7603e4000000 ---p 00000000 00:00 0 
7603e4000000-7603e4021000 rw-p 00000000 00:00 0 
7603e4021000-7603e8000000 ---p 00000000 00:00 0 
7603eb800000-7603eb804000 ---p 00000000 00:00 0 
7603eb804000-7603eb900000 rw-p 00000000 00:00 0 
7603eb900000-7603eb904000 ---p 00000000 00:00 0 
7603eb904000-7603eba00000 rw-p 00000000 00:00 0 
7603eba00000-7603eba04000 ---p 00000000 00:00 0 
7603eba04000-7603ebb00000 rw-p 00000000 00:00 0 
7603ebb00000-7603ebb04000 ---p 00000000 00:00 0 
7603ebb04000-7603ebc00000 rw-p 00000000 00:00 0 
7603ebc00000-7603ebc04000 ---p 00000000 00:00 0 
7603ebc04000-7603ebd00000 rw-p 00000000 00:00 0 
7603ebd00000-7603ebd04000 ---p 00000000 00:00 0 
7603ebd04000-7603ebe00000 rw-p 00000000 00:00 0 
7603ebe00000-7603ebe04000 ---p 00000000 00:00 0 
7603ebe04000-7603ebf00000 rw-p 00000000 00:00 0 
7603ebf00000-7603ebf04000 ---p 00000000 00:00 0 
7603ebf04000-7603ec000000 rw-p 00000000 00:00 0 
7603ec000000-7603ec021000 rw-p 00000000 00:00 0 
7603ec021000-7603f0000000 ---p 00000000 00:00 0 
7603f0000000-7603f0021000 rw-p 00000000 00:00 0 
7603f0021000-7603f4000000 ---p 00000000 00:00 0 
7603f407c000-7603f4080000 ---p 00000000 00:00 0 
7603f4080000-7603f417c000 rw-p 00000000 00:00 0 
7603f417c000-7603f4180000 ---p 00000000 00:00 0 
7603f4180000-7603f427c000 rw-p 00000000 00:00 0 
7603f427c000-7603f4280000 ---p 00000000 00:00 0 
7603f4280000-7603f437c000 rw-p 00000000 00:00 0 
7603f437c000-7603f4380000 ---p 00000000 00:00 0 
7603f4380000-7603f447c000 rw-p 00000000 00:00 0 
7603f447c000-7603f4480000 ---p 00000000 00:00 0 
7603f4480000-7603f457c000 rw-p 00000000 00:00 0 
7603f457c000-7603f4580000 ---p 00000000 00:00 0 
7603f4580000-7603f467c000 rw-p 00000000 00:00 0 
7603f467c000-7603f4680000 ---p 00000000 00:00 0 
7603f4680000-7603f477c000 rw-p 00000000 00:00 0 
7603f477c000-7603f4780000 ---p 00000000 00:00 0 
7603f4780000-7603f487c000 rw-p 00000000 00:00 0 
7603f487c000-7603f4880000 ---p 00000000 00:00 0 
7603f4880000-7603f497c000 rw-p 00000000 00:00 0 
7603f497c000-7603f4980000 ---p 00000000 00:00 0 
7603f4980000-7603f4a7c000 rw-p 00000000 00:00 0 
7603f4a7c000-7603f4a80000 ---p 00000000 00:00 0 
7603f4a80000-7603f4b7c000 rw-p 00000000 00:00 0 
7603f4b7c000-7603f4b80000 ---p 00000000 00:00 0 
7603f4b80000-7603f4c7c000 rw-p 00000000 00:00 0 
7603f4c7c000-7603f4c80000 ---p 00000000 00:00 0 
7603f4c80000-7603f4d7c000 rw-p 00000000 00:00 0 
7603f4d7c000-7603f4d80000 ---p 00000000 00:00 0 
7603f4d80000-7603f4e7c000 rw-p 00000000 00:00 0 
7603f4f47000-7603f4f4b000 ---p 00000000 00:00 0 
7603f4f4b000-7603f5047000 rw-p 00000000 00:00 0 
7603f5047000-7603f504b000 ---p 00000000 00:00 0 
7603f504b000-7603f5147000 rw-p 00000000 00:00 0 
7603f51fe000-7603f5202000 ---p 00000000 00:00 0 
7603f5202000-7603f52fe000 rw-p 00000000 00:00 0 
7603f52fe000-7603f5302000 ---p 00000000 00:00 0 
7603f5302000-7603f53fe000 rw-p 00000000 00:00 0 
7603f53fe000-7603f5402000 ---p 00000000 00:00 0 
7603f5402000-7603f54fe000 rw-p 00000000 00:00 0 
7603f54fe000-7603f5502000 ---p 00000000 00:00 0 
7603f5502000-7603f55fe000 rw-p 00000000 00:00 0 
7603f55fe000-7603f5602000 ---p 00000000 00:00 0 
7603f5602000-7603f56fe000 rw-p 00000000 00:00 0 
7603f56fe000-7603f5702000 ---p 00000000 00:00 0 
7603f5702000-7603f57fe000 rw-p 00000000 00:00 0 
7603f57fe000-7603f5802000 ---p 00000000 00:00 0 
7603f5802000-7603f58fe000 rw-p 00000000 00:00 0 
7603f58fe000-7603f58ff000 ---p 00000000 00:00 0 
7603f58ff000-7603f59ff000 rw-p 00000000 00:00 0 
7603f59ff000-7603f5a00000 ---p 00000000 00:00 0 
7603f5a00000-7603f5b00000 rw-p 00000000 00:00 0 
7603f5b00000-7603f5b04000 ---p 00000000 00:00 0 
7603f5b04000-7603f5c00000 rw-p 00000000 00:00 0 
7603f5c00000-7603f5c10000 r-xp 00000000 fc:01 14307627                   /home/joyzinhw/.config/Code/User/globalStorage/redhat.java/1.33.0/config_linux/org.eclipse.equinox.launcher/org.eclipse.equinox.launcher.gtk.linux.x86_64_1.2.1100.v20240722-2106/eclipse_11904.so
7603f5c10000-7603f5e10000 ---p 00010000 fc:01 14307627                   /home/joyzinhw/.config/Code/User/globalStorage/redhat.java/1.33.0/config_linux/org.eclipse.equinox.launcher/org.eclipse.equinox.launcher.gtk.linux.x86_64_1.2.1100.v20240722-2106/eclipse_11904.so
7603f5e10000-7603f5e11000 r--p 00010000 fc:01 14307627                   /home/joyzinhw/.config/Code/User/globalStorage/redhat.java/1.33.0/config_linux/org.eclipse.equinox.launcher/org.eclipse.equinox.launcher.gtk.linux.x86_64_1.2.1100.v20240722-2106/eclipse_11904.so
7603f5e11000-7603f5e12000 rw-p 00011000 fc:01 14307627                   /home/joyzinhw/.config/Code/User/globalStorage/redhat.java/1.33.0/config_linux/org.eclipse.equinox.launcher/org.eclipse.equinox.launcher.gtk.linux.x86_64_1.2.1100.v20240722-2106/eclipse_11904.so
7603f5e12000-7603f5e13000 rw-p 00000000 00:00 0 
7603f5ef8000-7603f5efc000 ---p 00000000 00:00 0 
7603f5efc000-7603f5ff8000 rw-p 00000000 00:00 0 
7603f5ff8000-7603f5ffc000 ---p 00000000 00:00 0 
7603f5ffc000-7603f60f8000 rw-p 00000000 00:00 0 
7603f60f8000-7603f60f9000 ---p 00000000 00:00 0 
7603f60f9000-7603f61f9000 rw-p 00000000 00:00 0 
7603f61f9000-7603f61fd000 ---p 00000000 00:00 0 
7603f61fd000-7603f62f9000 rw-p 00000000 00:00 0 
7603f62f9000-7603f62fd000 ---p 00000000 00:00 0 
7603f62fd000-7603f63f9000 rw-p 00000000 00:00 0 
7603f63f9000-7603f63fa000 ---p 00000000 00:00 0 
7603f63fa000-7603f64fa000 rw-p 00000000 00:00 0 
7603f64fa000-7603f64fb000 ---p 00000000 00:00 0 
7603f64fb000-7603f65fb000 rw-p 00000000 00:00 0 
7603f65fb000-7603f65fc000 ---p 00000000 00:00 0 
7603f65fc000-7603f66fc000 rw-p 00000000 00:00 0 
7603f66fc000-7603f66fd000 ---p 00000000 00:00 0 
7603f66fd000-7603f67fd000 rw-p 00000000 00:00 0 
7603f67fd000-7603f67fe000 ---p 00000000 00:00 0 
7603f67fe000-7603f68fe000 rw-p 00000000 00:00 0 
7603f68fe000-7603f68ff000 ---p 00000000 00:00 0 
7603f68ff000-7603f69ff000 rw-p 00000000 00:00 0 
7603f69ff000-7603f6a03000 ---p 00000000 00:00 0 
7603f6a03000-7603f6aff000 rw-p 00000000 00:00 0 
7603f6aff000-7603f6b00000 ---p 00000000 00:00 0 
7603f6b00000-7603f6c00000 rw-p 00000000 00:00 0 
7603f6c00000-7603f6c04000 ---p 00000000 00:00 0 
7603f6c04000-7603f6d00000 rw-p 00000000 00:00 0 
7603f6d00000-7603f6d04000 ---p 00000000 00:00 0 
7603f6d04000-7603f6e00000 rw-p 00000000 00:00 0 
7603f6e00000-7603f6e04000 ---p 00000000 00:00 0 
7603f6e04000-7603f6f00000 rw-p 00000000 00:00 0 
7603f6f00000-7603f6f04000 ---p 00000000 00:00 0 
7603f6f04000-7603f7000000 rw-p 00000000 00:00 0 
7603f7000000-7603f7f06000 r--p 00000000 fc:01 10223626                   /usr/lib/locale/locale-archive
7603f8000000-7603f8021000 rw-p 00000000 00:00 0 
7603f8021000-7603fc000000 ---p 00000000 00:00 0 
7603fc0e8000-7603fc0ec000 ---p 00000000 00:00 0 
7603fc0ec000-7603fc1e8000 rw-p 00000000 00:00 0 
7603fc1e8000-7603fc1ec000 ---p 00000000 00:00 0 
7603fc1ec000-7603fc2e8000 rw-p 00000000 00:00 0 
7603fc2e8000-7603fc2ec000 ---p 00000000 00:00 0 
7603fc2ec000-7603fc3e8000 rw-p 00000000 00:00 0 
7603fc3e8000-7603fc3ec000 ---p 00000000 00:00 0 
7603fc3ec000-7603fc4e8000 rw-p 00000000 00:00 0 
7603fc4e8000-7603fc4ec000 ---p 00000000 00:00 0 
7603fc4ec000-7603fc5e8000 rw-p 00000000 00:00 0 
7603fc5e8000-7603fc5ec000 ---p 00000000 00:00 0 
7603fc5ec000-7603fc6e8000 rw-p 00000000 00:00 0 
7603fc6e8000-7603fc6ec000 ---p 00000000 00:00 0 
7603fc6ec000-7603fc7e8000 rw-p 00000000 00:00 0 
7603fc7e8000-7603fc7e9000 ---p 00000000 00:00 0 
7603fc7e9000-7603fc8e9000 rw-p 00000000 00:00 0 
7603fc8e9000-7603fe3f0000 rw-p 00000000 00:00 0 
7603fe3f0000-7603fe450000 rw-p 00000000 00:00 0 
7603fe450000-7603fe470000 rw-p 00000000 00:00 0 
7603fe470000-7603fe4f0000 rw-p 00000000 00:00 0 
7603fe4f0000-7603fe7f0000 rw-p 00000000 00:00 0 
7603fe7f0000-7603fe8f0000 rw-p 00000000 00:00 0 
7603fe8f0000-7603feaf0000 rw-p 00000000 00:00 0 
7603feaf0000-7603febf0000 rw-p 00000000 00:00 0 
7603febf0000-7603fed30000 rw-p 00000000 00:00 0 
7603fed30000-7603fed70000 rw-p 00000000 00:00 0 
7603fed70000-7603feef0000 rw-p 00000000 00:00 0 
7603feef0000-7603feff0000 rw-p 00000000 00:00 0 
7603feff0000-7603ff0f0000 rw-p 00000000 00:00 0 
7603ff0f0000-7603ff1f0000 rw-p 00000000 00:00 0 
7603ff1f0000-7603ff6f0000 rw-p 00000000 00:00 0 
7603ff6f0000-7603ff7f0000 rw-p 00000000 00:00 0 
7603ff7f0000-7603fffb0000 rw-p 00000000 00:00 0 
7603fffb0000-7603ffff0000 rw-p 00000000 00:00 0 
7603ffff0000-7604000f0000 rw-p 00000000 00:00 0 
7604000f0000-7604001f0000 rw-p 00000000 00:00 0 
7604001f0000-7604004f0000 rw-p 00000000 00:00 0 
7604004f0000-7604005f0000 rw-p 00000000 00:00 0 
7604005f0000-7604010f0000 rw-p 00000000 00:00 0 
7604010f0000-7604011f0000 rw-p 00000000 00:00 0 
7604011f0000-760401f60000 rw-p 00000000 00:00 0 
760401f60000-760402000000 ---p 00000000 00:00 0 
760402000000-760404000000 rw-p 00000000 00:00 0 
760404000000-760404021000 rw-p 00000000 00:00 0 
760404021000-760408000000 ---p 00000000 00:00 0 
7604080f7000-760408c8a000 rw-p 00000000 00:00 0 
760408c8a000-760408d55000 ---p 00000000 00:00 0 
760408d55000-760408d65000 rw-p 00000000 00:00 0 
760408d65000-760408e00000 ---p 00000000 00:00 0 
760408e00000-760408e01000 rw-p 00000000 00:00 0 
760408eff000-760409000000 rw-p 00000000 00:00 0 
760409000000-76040a150000 rwxp 00000000 00:00 0 
76040a150000-760410537000 ---p 00000000 00:00 0 
760410537000-7604107a7000 rwxp 00000000 00:00 0 
7604107a7000-760410ac9000 ---p 00000000 00:00 0 
760410ac9000-760411139000 rwxp 00000000 00:00 0 
760411139000-760418000000 ---p 00000000 00:00 0 
760418000000-760418699000 rw-p 00000000 00:00 0 
760418699000-76041c000000 ---p 00000000 00:00 0 
76041c03d000-76041c061000 r--p 00000000 fc:01 10782681                   /usr/share/locale-langpack/pt_BR/LC_MESSAGES/libc.mo
76041c061000-76041c065000 r--p 00000000 fc:01 12464057                   /home/joyzinhw/.vscode/extensions/redhat.java-1.33.0-linux-x64/jre/17.0.11-linux-x86_64/lib/libverify.so
76041c065000-76041c06c000 r-xp 00004000 fc:01 12464057                   /home/joyzinhw/.vscode/extensions/redhat.java-1.33.0-linux-x64/jre/17.0.11-linux-x86_64/lib/libverify.so
76041c06c000-76041c06e000 r--p 0000b000 fc:01 12464057                   /home/joyzinhw/.vscode/extensions/redhat.java-1.33.0-linux-x64/jre/17.0.11-linux-x86_64/lib/libverify.so
76041c06e000-76041c070000 r--p 0000c000 fc:01 12464057                   /home/joyzinhw/.vscode/extensions/redhat.java-1.33.0-linux-x64/jre/17.0.11-linux-x86_64/lib/libverify.so
76041c070000-76041c071000 rw-p 0000e000 fc:01 12464057                   /home/joyzinhw/.vscode/extensions/redhat.java-1.33.0-linux-x64/jre/17.0.11-linux-x86_64/lib/libverify.so
76041c071000-76041c075000 r--p 00000000 fc:01 12464069                   /home/joyzinhw/.vscode/extensions/redhat.java-1.33.0-linux-x64/jre/17.0.11-linux-x86_64/lib/libnet.so
76041c075000-76041c083000 r-xp 00004000 fc:01 12464069                   /home/joyzinhw/.vscode/extensions/redhat.java-1.33.0-linux-x64/jre/17.0.11-linux-x86_64/lib/libnet.so
76041c083000-76041c087000 r--p 00012000 fc:01 12464069                   /home/joyzinhw/.vscode/extensions/redhat.java-1.33.0-linux-x64/jre/17.0.11-linux-x86_64/lib/libnet.so
76041c087000-76041c088000 r--p 00015000 fc:01 12464069                   /home/joyzinhw/.vscode/extensions/redhat.java-1.33.0-linux-x64/jre/17.0.11-linux-x86_64/lib/libnet.so
76041c088000-76041c089000 rw-p 00016000 fc:01 12464069                   /home/joyzinhw/.vscode/extensions/redhat.java-1.33.0-linux-x64/jre/17.0.11-linux-x86_64/lib/libnet.so
76041c089000-76041c090000 r--p 00000000 fc:01 12464068                   /home/joyzinhw/.vscode/extensions/redhat.java-1.33.0-linux-x64/jre/17.0.11-linux-x86_64/lib/libnio.so
76041c090000-76041c099000 r-xp 00007000 fc:01 12464068                   /home/joyzinhw/.vscode/extensions/redhat.java-1.33.0-linux-x64/jre/17.0.11-linux-x86_64/lib/libnio.so
76041c099000-76041c09d000 r--p 00010000 fc:01 12464068                   /home/joyzinhw/.vscode/extensions/redhat.java-1.33.0-linux-x64/jre/17.0.11-linux-x86_64/lib/libnio.so
76041c09d000-76041c09e000 ---p 00014000 fc:01 12464068                   /home/joyzinhw/.vscode/extensions/redhat.java-1.33.0-linux-x64/jre/17.0.11-linux-x86_64/lib/libnio.so
76041c09e000-76041c09f000 r--p 00014000 fc:01 12464068                   /home/joyzinhw/.vscode/extensions/redhat.java-1.33.0-linux-x64/jre/17.0.11-linux-x86_64/lib/libnio.so
76041c09f000-76041c0a0000 rw-p 00015000 fc:01 12464068                   /home/joyzinhw/.vscode/extensions/redhat.java-1.33.0-linux-x64/jre/17.0.11-linux-x86_64/lib/libnio.so
76041c0a0000-76041c0a2000 r--p 00000000 fc:01 12464053                   /home/joyzinhw/.vscode/extensions/redhat.java-1.33.0-linux-x64/jre/17.0.11-linux-x86_64/lib/libzip.so
76041c0a2000-76041c0b4000 r-xp 00002000 fc:01 12464053                   /home/joyzinhw/.vscode/extensions/redhat.java-1.33.0-linux-x64/jre/17.0.11-linux-x86_64/lib/libzip.so
76041c0b4000-76041c0bc000 r--p 00014000 fc:01 12464053                   /home/joyzinhw/.vscode/extensions/redhat.java-1.33.0-linux-x64/jre/17.0.11-linux-x86_64/lib/libzip.so
76041c0bc000-76041c0bd000 r--p 0001b000 fc:01 12464053                   /home/joyzinhw/.vscode/extensions/redhat.java-1.33.0-linux-x64/jre/17.0.11-linux-x86_64/lib/libzip.so
76041c0bd000-76041c0be000 rw-p 0001c000 fc:01 12464053                   /home/joyzinhw/.vscode/extensions/redhat.java-1.33.0-linux-x64/jre/17.0.11-linux-x86_64/lib/libzip.so
76041c0be000-76041c148000 rw-p 00000000 00:00 0 
76041c148000-76041c214000 ---p 00000000 00:00 0 
76041c214000-76041c215000 ---p 00000000 00:00 0 
76041c215000-76041c315000 rw-p 00000000 00:00 0 
76041c315000-76041c322000 rw-p 00000000 00:00 0 
76041c322000-76041c400000 ---p 00000000 00:00 0 
76041c400000-76041f02b000 r--s 00000000 fc:01 12463808                   /home/joyzinhw/.vscode/extensions/redhat.java-1.33.0-linux-x64/jre/17.0.11-linux-x86_64/lib/modules
76041f039000-76041f138000 rw-p 00000000 00:00 0 
76041f138000-76041f200000 ---p 00000000 00:00 0 
76041f200000-76041f453000 r--p 00000000 fc:01 13532609                   /home/joyzinhw/.vscode/extensions/redhat.java-1.33.0-linux-x64/jre/17.0.11-linux-x86_64/lib/server/libjvm.so
76041f453000-760420175000 r-xp 00253000 fc:01 13532609                   /home/joyzinhw/.vscode/extensions/redhat.java-1.33.0-linux-x64/jre/17.0.11-linux-x86_64/lib/server/libjvm.so
760420175000-760420401000 r--p 00f75000 fc:01 13532609                   /home/joyzinhw/.vscode/extensions/redhat.java-1.33.0-linux-x64/jre/17.0.11-linux-x86_64/lib/server/libjvm.so
760420401000-760420402000 ---p 01201000 fc:01 13532609                   /home/joyzinhw/.vscode/extensions/redhat.java-1.33.0-linux-x64/jre/17.0.11-linux-x86_64/lib/server/libjvm.so
760420402000-7604204bb000 r--p 01201000 fc:01 13532609                   /home/joyzinhw/.vscode/extensions/redhat.java-1.33.0-linux-x64/jre/17.0.11-linux-x86_64/lib/server/libjvm.so
7604204bb000-7604204f0000 rw-p 012ba000 fc:01 13532609                   /home/joyzinhw/.vscode/extensions/redhat.java-1.33.0-linux-x64/jre/17.0.11-linux-x86_64/lib/server/libjvm.so
7604204f0000-76042054a000 rw-p 00000000 00:00 0 
76042054e000-760420555000 r--s 00000000 fc:01 10228126                   /usr/lib/x86_64-linux-gnu/gconv/gconv-modules.cache
760420555000-7604205af000 rw-p 00000000 00:00 0 
7604205af000-7604205b6000 ---p 00000000 00:00 0 
7604205b6000-7604205c4000 r--p 00000000 fc:01 12464103                   /home/joyzinhw/.vscode/extensions/redhat.java-1.33.0-linux-x64/jre/17.0.11-linux-x86_64/lib/libjava.so
7604205c4000-7604205d6000 r-xp 0000e000 fc:01 12464103                   /home/joyzinhw/.vscode/extensions/redhat.java-1.33.0-linux-x64/jre/17.0.11-linux-x86_64/lib/libjava.so
7604205d6000-7604205dc000 r--p 00020000 fc:01 12464103                   /home/joyzinhw/.vscode/extensions/redhat.java-1.33.0-linux-x64/jre/17.0.11-linux-x86_64/lib/libjava.so
7604205dc000-7604205dd000 ---p 00026000 fc:01 12464103                   /home/joyzinhw/.vscode/extensions/redhat.java-1.33.0-linux-x64/jre/17.0.11-linux-x86_64/lib/libjava.so
7604205dd000-7604205de000 r--p 00026000 fc:01 12464103                   /home/joyzinhw/.vscode/extensions/redhat.java-1.33.0-linux-x64/jre/17.0.11-linux-x86_64/lib/libjava.so
7604205de000-7604205df000 rw-p 00027000 fc:01 12464103                   /home/joyzinhw/.vscode/extensions/redhat.java-1.33.0-linux-x64/jre/17.0.11-linux-x86_64/lib/libjava.so
7604205df000-7604205e0000 rw-p 00000000 00:00 0 
7604205e0000-7604205e4000 r--p 00000000 fc:01 12464090                   /home/joyzinhw/.vscode/extensions/redhat.java-1.33.0-linux-x64/jre/17.0.11-linux-x86_64/lib/libjimage.so
7604205e4000-7604205f7000 r-xp 00004000 fc:01 12464090                   /home/joyzinhw/.vscode/extensions/redhat.java-1.33.0-linux-x64/jre/17.0.11-linux-x86_64/lib/libjimage.so
7604205f7000-7604205fd000 r--p 00017000 fc:01 12464090                   /home/joyzinhw/.vscode/extensions/redhat.java-1.33.0-linux-x64/jre/17.0.11-linux-x86_64/lib/libjimage.so
7604205fd000-7604205ff000 r--p 0001c000 fc:01 12464090                   /home/joyzinhw/.vscode/extensions/redhat.java-1.33.0-linux-x64/jre/17.0.11-linux-x86_64/lib/libjimage.so
7604205ff000-760420600000 rw-p 0001e000 fc:01 12464090                   /home/joyzinhw/.vscode/extensions/redhat.java-1.33.0-linux-x64/jre/17.0.11-linux-x86_64/lib/libjimage.so
760420600000-760420628000 r--p 00000000 fc:01 10225271                   /usr/lib/x86_64-linux-gnu/libc.so.6
760420628000-7604207bd000 r-xp 00028000 fc:01 10225271                   /usr/lib/x86_64-linux-gnu/libc.so.6
7604207bd000-760420815000 r--p 001bd000 fc:01 10225271                   /usr/lib/x86_64-linux-gnu/libc.so.6
760420815000-760420816000 ---p 00215000 fc:01 10225271                   /usr/lib/x86_64-linux-gnu/libc.so.6
760420816000-76042081a000 r--p 00215000 fc:01 10225271                   /usr/lib/x86_64-linux-gnu/libc.so.6
76042081a000-76042081c000 rw-p 00219000 fc:01 10225271                   /usr/lib/x86_64-linux-gnu/libc.so.6
76042081c000-760420829000 rw-p 00000000 00:00 0 
76042082c000-760420834000 rw-s 00000000 fc:01 10092924                   /tmp/hsperfdata_joyzinhw/17716
760420834000-760420838000 ---p 00000000 00:00 0 
760420838000-760420934000 rw-p 00000000 00:00 0 
760420934000-760420942000 r--p 00000000 fc:01 10225275                   /usr/lib/x86_64-linux-gnu/libm.so.6
760420942000-7604209be000 r-xp 0000e000 fc:01 10225275                   /usr/lib/x86_64-linux-gnu/libm.so.6
7604209be000-760420a19000 r--p 0008a000 fc:01 10225275                   /usr/lib/x86_64-linux-gnu/libm.so.6
760420a19000-760420a1a000 r--p 000e4000 fc:01 10225275                   /usr/lib/x86_64-linux-gnu/libm.so.6
760420a1a000-760420a1b000 rw-p 000e5000 fc:01 10225275                   /usr/lib/x86_64-linux-gnu/libm.so.6
760420a1b000-760420a1c000 r--p 00000000 fc:01 10226139                   /usr/lib/x86_64-linux-gnu/librt.so.1
760420a1c000-760420a1d000 r-xp 00001000 fc:01 10226139                   /usr/lib/x86_64-linux-gnu/librt.so.1
760420a1d000-760420a1e000 r--p 00002000 fc:01 10226139                   /usr/lib/x86_64-linux-gnu/librt.so.1
760420a1e000-760420a1f000 r--p 00002000 fc:01 10226139                   /usr/lib/x86_64-linux-gnu/librt.so.1
760420a1f000-760420a20000 rw-p 00003000 fc:01 10226139                   /usr/lib/x86_64-linux-gnu/librt.so.1
760420a20000-760420a22000 rw-p 00000000 00:00 0 
760420a22000-760420a23000 r--p 00000000 fc:01 10225273                   /usr/lib/x86_64-linux-gnu/libdl.so.2
760420a23000-760420a24000 r-xp 00001000 fc:01 10225273                   /usr/lib/x86_64-linux-gnu/libdl.so.2
760420a24000-760420a25000 r--p 00002000 fc:01 10225273                   /usr/lib/x86_64-linux-gnu/libdl.so.2
760420a25000-760420a26000 r--p 00002000 fc:01 10225273                   /usr/lib/x86_64-linux-gnu/libdl.so.2
760420a26000-760420a27000 rw-p 00003000 fc:01 10225273                   /usr/lib/x86_64-linux-gnu/libdl.so.2
760420a27000-760420a28000 r--p 00000000 fc:01 10226136                   /usr/lib/x86_64-linux-gnu/libpthread.so.0
760420a28000-760420a29000 r-xp 00001000 fc:01 10226136                   /usr/lib/x86_64-linux-gnu/libpthread.so.0
760420a29000-760420a2a000 r--p 00002000 fc:01 10226136                   /usr/lib/x86_64-linux-gnu/libpthread.so.0
760420a2a000-760420a2b000 r--p 00002000 fc:01 10226136                   /usr/lib/x86_64-linux-gnu/libpthread.so.0
760420a2b000-760420a2c000 rw-p 00003000 fc:01 10226136                   /usr/lib/x86_64-linux-gnu/libpthread.so.0
760420a30000-760420a32000 r--p 00000000 fc:01 12464108                   /home/joyzinhw/.vscode/extensions/redhat.java-1.33.0-linux-x64/jre/17.0.11-linux-x86_64/lib/libinstrument.so
760420a32000-760420a38000 r-xp 00002000 fc:01 12464108                   /home/joyzinhw/.vscode/extensions/redhat.java-1.33.0-linux-x64/jre/17.0.11-linux-x86_64/lib/libinstrument.so
760420a38000-760420a3b000 r--p 00008000 fc:01 12464108                   /home/joyzinhw/.vscode/extensions/redhat.java-1.33.0-linux-x64/jre/17.0.11-linux-x86_64/lib/libinstrument.so
760420a3b000-760420a3c000 r--p 0000a000 fc:01 12464108                   /home/joyzinhw/.vscode/extensions/redhat.java-1.33.0-linux-x64/jre/17.0.11-linux-x86_64/lib/libinstrument.so
760420a3c000-760420a3d000 rw-p 0000b000 fc:01 12464108                   /home/joyzinhw/.vscode/extensions/redhat.java-1.33.0-linux-x64/jre/17.0.11-linux-x86_64/lib/libinstrument.so
760420a3d000-760420a3e000 ---p 00000000 00:00 0 
760420a3e000-760420a3f000 r--p 00000000 00:00 0 
760420a3f000-760420a42000 r--p 00000000 fc:01 12464085                   /home/joyzinhw/.vscode/extensions/redhat.java-1.33.0-linux-x64/jre/17.0.11-linux-x86_64/lib/libjli.so
760420a42000-760420a52000 r-xp 00003000 fc:01 12464085                   /home/joyzinhw/.vscode/extensions/redhat.java-1.33.0-linux-x64/jre/17.0.11-linux-x86_64/lib/libjli.so
760420a52000-760420a59000 r--p 00013000 fc:01 12464085                   /home/joyzinhw/.vscode/extensions/redhat.java-1.33.0-linux-x64/jre/17.0.11-linux-x86_64/lib/libjli.so
760420a59000-760420a5a000 r--p 00019000 fc:01 12464085                   /home/joyzinhw/.vscode/extensions/redhat.java-1.33.0-linux-x64/jre/17.0.11-linux-x86_64/lib/libjli.so
760420a5a000-760420a5b000 rw-p 0001a000 fc:01 12464085                   /home/joyzinhw/.vscode/extensions/redhat.java-1.33.0-linux-x64/jre/17.0.11-linux-x86_64/lib/libjli.so
760420a5b000-760420a5d000 rw-p 00000000 00:00 0 
760420a5d000-760420a61000 r--p 00000000 00:00 0                          [vvar]
760420a61000-760420a63000 r-xp 00000000 00:00 0                          [vdso]
760420a63000-760420a65000 r--p 00000000 fc:01 10225268                   /usr/lib/x86_64-linux-gnu/ld-linux-x86-64.so.2
760420a65000-760420a8f000 r-xp 00002000 fc:01 10225268                   /usr/lib/x86_64-linux-gnu/ld-linux-x86-64.so.2
760420a8f000-760420a9a000 r--p 0002c000 fc:01 10225268                   /usr/lib/x86_64-linux-gnu/ld-linux-x86-64.so.2
760420a9a000-760420a9b000 ---p 00000000 00:00 0 
760420a9b000-760420a9d000 r--p 00037000 fc:01 10225268                   /usr/lib/x86_64-linux-gnu/ld-linux-x86-64.so.2
760420a9d000-760420a9f000 rw-p 00039000 fc:01 10225268                   /usr/lib/x86_64-linux-gnu/ld-linux-x86-64.so.2
7fffee49e000-7fffee4c0000 rw-p 00000000 00:00 0                          [stack]
ffffffffff600000-ffffffffff601000 --xp 00000000 00:00 0                  [vsyscall]


VM Arguments:
jvm_args: --add-modules=ALL-SYSTEM --add-opens=java.base/java.util=ALL-UNNAMED --add-opens=java.base/java.lang=ALL-UNNAMED --add-opens=java.base/sun.nio.fs=ALL-UNNAMED -Declipse.application=org.eclipse.jdt.ls.core.id1 -Dosgi.bundles.defaultStartLevel=4 -Declipse.product=org.eclipse.jdt.ls.core.product -Djava.import.generatesMetadataFilesAtProjectRoot=false -DDetectVMInstallationsJob.disabled=true -Dfile.encoding=utf8 -XX:+UseParallelGC -XX:GCTimeRatio=4 -XX:AdaptiveSizePolicyWeight=90 -Dsun.zip.disableMemoryMapping=true -Xmx1G -Xms100m -Xlog:disable -javaagent:/home/joyzinhw/.vscode/extensions/redhat.java-1.33.0-linux-x64/lombok/lombok-1.18.33.jar -XX:+HeapDumpOnOutOfMemoryError -XX:HeapDumpPath=/home/joyzinhw/.config/Code/User/workspaceStorage/d1334f9c067585d4047071b10afa8b86/redhat.java -Daether.dependencyCollector.impl=bf 
java_command: /home/joyzinhw/.vscode/extensions/redhat.java-1.33.0-linux-x64/server/plugins/org.eclipse.equinox.launcher_1.6.900.v20240613-2009.jar -configuration /home/joyzinhw/.config/Code/User/globalStorage/redhat.java/1.33.0/config_linux -data /home/joyzinhw/.config/Code/User/workspaceStorage/d1334f9c067585d4047071b10afa8b86/redhat.java/jdt_ws --pipe=/run/user/1000/lsp-da1504e56100c9160c08d2e6cc35d8bc.sock
java_class_path (initial): /home/joyzinhw/.vscode/extensions/redhat.java-1.33.0-linux-x64/server/plugins/org.eclipse.equinox.launcher_1.6.900.v20240613-2009.jar
Launcher Type: SUN_STANDARD

[Global flags]
    uintx AdaptiveSizePolicyWeight                 = 90                                        {product} {command line}
     intx CICompilerCount                          = 4                                         {product} {ergonomic}
    uintx GCTimeRatio                              = 4                                         {product} {command line}
     bool HeapDumpOnOutOfMemoryError               = true                                   {manageable} {command line}
    ccstr HeapDumpPath                             = /home/joyzinhw/.config/Code/User/workspaceStorage/d1334f9c067585d4047071b10afa8b86/redhat.java         {manageable} {command line}
   size_t InitialHeapSize                          = 104857600                                 {product} {command line}
   size_t MaxHeapSize                              = 1073741824                                {product} {command line}
   size_t MaxNewSize                               = 357564416                                 {product} {ergonomic}
   size_t MinHeapDeltaBytes                        = 524288                                    {product} {ergonomic}
   size_t MinHeapSize                              = 104857600                                 {product} {command line}
   size_t NewSize                                  = 34603008                                  {product} {ergonomic}
    uintx NonNMethodCodeHeapSize                   = 5839372                                {pd product} {ergonomic}
    uintx NonProfiledCodeHeapSize                  = 122909434                              {pd product} {ergonomic}
   size_t OldSize                                  = 70254592                                  {product} {ergonomic}
    uintx ProfiledCodeHeapSize                     = 122909434                              {pd product} {ergonomic}
    uintx ReservedCodeCacheSize                    = 251658240                              {pd product} {ergonomic}
     bool SegmentedCodeCache                       = true                                      {product} {ergonomic}
   size_t SoftMaxHeapSize                          = 1073741824                             {manageable} {ergonomic}
     bool UseCompressedClassPointers               = true                           {product lp64_product} {ergonomic}
     bool UseCompressedOops                        = true                           {product lp64_product} {ergonomic}
     bool UseParallelGC                            = true                                      {product} {command line}

Logging:
Log output configuration:
 #0: stdout all=off uptime,level,tags
 #1: stderr all=off uptime,level,tags

Environment Variables:
JAVA_HOME=/usr/lib/jvm/java-17-oracle
PATH=/home/joyzinhw/development/flutter/bin:/home/joyzinhw/development/flutter/bin:/opt/gradle/gradle-8.2/bin:/home/joyzinhw/.local/bin:/opt/gradle/gradle-8.2/bin:/usr/local/sbin:/usr/local/bin:/usr/sbin:/usr/bin:/sbin:/bin:/usr/games:/usr/local/games:/snap/bin:/snap/bin:/usr/lib/jvm/java-17-oracle/bin:/usr/lib/jvm/java-17-oracle/db/bin:/usr/lib/jvm/java-17-oracle/bin:/usr/lib/jvm/java-17-oracle/db/bin
USERNAME=joyzinhw
SHELL=/bin/bash
DISPLAY=:1
LANG=pt_BR.UTF-8

Active Locale:
LC_ALL=pt_BR.UTF-8
LC_COLLATE=pt_BR.UTF-8
LC_CTYPE=pt_BR.UTF-8
LC_MESSAGES=pt_BR.UTF-8
LC_MONETARY=pt_BR.UTF-8
LC_NUMERIC=pt_BR.UTF-8
LC_TIME=pt_BR.UTF-8

Signal Handlers:
   SIGSEGV: crash_handler in libjvm.so, mask=11100100010111111101111111111110, flags=SA_RESTART|SA_SIGINFO, unblocked
    SIGBUS: crash_handler in libjvm.so, mask=11100100010111111101111111111110, flags=SA_RESTART|SA_SIGINFO, unblocked
    SIGFPE: crash_handler in libjvm.so, mask=11100100010111111101111111111110, flags=SA_RESTART|SA_SIGINFO, unblocked
   SIGPIPE: javaSignalHandler in libjvm.so, mask=11100100010111111101111111111110, flags=SA_RESTART|SA_SIGINFO, blocked
   SIGXFSZ: javaSignalHandler in libjvm.so, mask=11100100010111111101111111111110, flags=SA_RESTART|SA_SIGINFO, blocked
    SIGILL: crash_handler in libjvm.so, mask=11100100010111111101111111111110, flags=SA_RESTART|SA_SIGINFO, unblocked
   SIGUSR2: SR_handler in libjvm.so, mask=00000000000000000000000000000000, flags=SA_RESTART|SA_SIGINFO, blocked
    SIGHUP: UserHandler in libjvm.so, mask=11100100010111111101111111111110, flags=SA_RESTART|SA_SIGINFO, blocked
    SIGINT: UserHandler in libjvm.so, mask=11100100010111111101111111111110, flags=SA_RESTART|SA_SIGINFO, blocked
   SIGTERM: UserHandler in libjvm.so, mask=11100100010111111101111111111110, flags=SA_RESTART|SA_SIGINFO, blocked
   SIGQUIT: UserHandler in libjvm.so, mask=11100100010111111101111111111110, flags=SA_RESTART|SA_SIGINFO, blocked
   SIGTRAP: crash_handler in libjvm.so, mask=11100100010111111101111111111110, flags=SA_RESTART|SA_SIGINFO, unblocked


Periodic native trim disabled


---------------  S Y S T E M  ---------------

OS:
DISTRIB_ID=Pop
DISTRIB_RELEASE=22.04
DISTRIB_CODENAME=jammy
DISTRIB_DESCRIPTION="Pop!_OS 22.04 LTS"
uname: Linux 6.9.3-76060903-generic #202405300957~1721174657~22.04~abb7c06 SMP PREEMPT_DYNAMIC Wed J x86_64
OS uptime: 0 days 0:43 hours
libc: glibc 2.35 NPTL 2.35 
rlimit (soft/hard): STACK 8192k/infinity , CORE 0k/infinity , NPROC 71032/71032 , NOFILE 1048576/1048576 , AS infinity/infinity , CPU infinity/infinity , DATA infinity/infinity , FSIZE infinity/infinity , MEMLOCK 2284044k/2284044k
load average: 3,97 3,65 2,10

/proc/meminfo:
MemTotal:       18272356 kB
MemFree:         7485336 kB
MemAvailable:   10551252 kB
Buffers:          293488 kB
Cached:          3900688 kB
SwapCached:            0 kB
Active:          7438504 kB
Inactive:        2225572 kB
Active(anon):    5573220 kB
Inactive(anon):        0 kB
Active(file):    1865284 kB
Inactive(file):  2225572 kB
Unevictable:          56 kB
Mlocked:              56 kB
SwapTotal:      20970996 kB
SwapFree:       20970996 kB
Zswap:                 0 kB
Zswapped:              0 kB
Dirty:              1736 kB
Writeback:             0 kB
AnonPages:       5470312 kB
Mapped:          1290800 kB
Shmem:            103292 kB
KReclaimable:     198884 kB
Slab:             404296 kB
SReclaimable:     198884 kB
SUnreclaim:       205412 kB
KernelStack:       24064 kB
PageTables:        62932 kB
SecPageTables:         0 kB
NFS_Unstable:          0 kB
Bounce:                0 kB
WritebackTmp:          0 kB
CommitLimit:    30107172 kB
Committed_AS:   20475028 kB
VmallocTotal:   34359738367 kB
VmallocUsed:      192864 kB
VmallocChunk:          0 kB
Percpu:            11856 kB
HardwareCorrupted:     0 kB
AnonHugePages:         0 kB
ShmemHugePages:        0 kB
ShmemPmdMapped:        0 kB
FileHugePages:         0 kB
FilePmdMapped:         0 kB
Unaccepted:            0 kB
HugePages_Total:       0
HugePages_Free:        0
HugePages_Rsvd:        0
HugePages_Surp:        0
Hugepagesize:       2048 kB
Hugetlb:               0 kB
DirectMap4k:     1267840 kB
DirectMap2M:     6979584 kB
DirectMap1G:    10485760 kB

/sys/kernel/mm/transparent_hugepage/enabled: always [madvise] never
/sys/kernel/mm/transparent_hugepage/hpage_pmd_size: 2097152
/sys/kernel/mm/transparent_hugepage/defrag (defrag/compaction efforts parameter): always defer defer+madvise [madvise] never

Process Memory:
Virtual Size: 6755408K (peak: 6760948K)
Resident Set Size: 754164K (peak: 808800K) (anon: 604148K, file: 150016K, shmem: 0K)
Swapped out: 0K
C-Heap outstanding allocations: 102418K, retained: 105785K
glibc malloc tunables: (default)

/proc/sys/kernel/threads-max (system-wide limit on the number of threads): 142065
/proc/sys/vm/max_map_count (maximum number of memory map areas a process may have): 2147483642
/proc/sys/kernel/pid_max (system-wide limit on number of process identifiers): 4194304

container (cgroup) information:
container_type: cgroupv2
cpu_cpuset_cpus: not supported
cpu_memory_nodes: not supported
active_processor_count: 12
cpu_quota: not supported
cpu_period: not supported
cpu_shares: not supported
memory_limit_in_bytes: unlimited
memory_and_swap_limit_in_bytes: unlimited
memory_soft_limit_in_bytes: unlimited
memory_usage_in_bytes: 3993868 k
memory_max_usage_in_bytes: not supported
memory_swap_current_in_bytes: unlimited
memory_swap_max_limit_in_bytes: unlimited
maximum number of tasks: 21309
current number of tasks: 454

Steal ticks since vm start: 0
Steal ticks percentage since vm start:  0,000

CPU: total 12 (initial active 12) (12 cores per cpu, 2 threads per core) family 23 model 104 stepping 1 microcode 0x8608103, cx8, cmov, fxsr, ht, mmx, 3dnowpref, sse, sse2, sse3, ssse3, sse4a, sse4.1, sse4.2, popcnt, lzcnt, tsc, tscinvbit, avx, avx2, aes, clmul, bmi1, bmi2, adx, sha, fma, vzeroupper, clflush, clflushopt
CPU Model and flags from /proc/cpuinfo:
model name	: AMD Ryzen 5 5500U with Radeon Graphics
flags		: fpu vme de pse tsc msr pae mce cx8 apic sep mtrr pge mca cmov pat pse36 clflush mmx fxsr sse sse2 ht syscall nx mmxext fxsr_opt pdpe1gb rdtscp lm constant_tsc rep_good nopl xtopology nonstop_tsc cpuid extd_apicid aperfmperf rapl pni pclmulqdq monitor ssse3 fma cx16 sse4_1 sse4_2 movbe popcnt aes xsave avx f16c rdrand lahf_lm cmp_legacy svm extapic cr8_legacy abm sse4a misalignsse 3dnowprefetch osvw ibs skinit wdt tce topoext perfctr_core perfctr_nb bpext perfctr_llc mwaitx cpb cat_l3 cdp_l3 hw_pstate ssbd mba ibrs ibpb stibp vmmcall fsgsbase bmi1 avx2 smep bmi2 cqm rdt_a rdseed adx smap clflushopt clwb sha_ni xsaveopt xsavec xgetbv1 cqm_llc cqm_occup_llc cqm_mbm_total cqm_mbm_local clzero irperf xsaveerptr rdpru wbnoinvd cppc arat npt lbrv svm_lock nrip_save tsc_scale vmcb_clean flushbyasid decodeassists pausefilter pfthreshold avic v_vmsave_vmload vgif v_spec_ctrl umip rdpid overflow_recov succor smca

Online cpus: 0-11
Offline cpus: 
BIOS frequency limitation: <Not Available>
Frequency switch latency (ns): 0
Available cpu frequencies: <Not Available>
Current governor: powersave
Core performance/turbo boost: <Not Available>

Memory: 4k page, physical 18272356k(7485548k free), swap 20970996k(20970996k free)
Page Sizes: 4k

vm_info: OpenJDK 64-Bit Server VM (17.0.11+9) for linux-amd64 JRE (17.0.11+9), built on Apr 16 2024 00:00:00 by "admin" with gcc 10.3.0

END.
